16368490618
0	1636849061
1636849061	3273698122
3273698122	4910547183
4910547183	6547396244
6547396244	8184245305
8184245305	9821094366
9821094366	11457943427
11457943427	13094792488
13094792488	14731641549
14731641549	16368490618
0	1636849061
1636849061	3273698122
3273698122	4910547183
4910547183	6547396244
6547396244	8184245305
8184245305	9821094366
9821094366	11457943427
11457943427	13094792488
13094792488	14731641549
14731641549	16368490618
reads finish.	292
###kmer_is 20 sample_ratio_is 13
1048576	18983	18577
####1048576	0.0181036	0.0177164
Finish with time:	292
16368490618
0	1636849061
1636849061	3273698122
3273698122	4910547183
4910547183	6547396244
6547396244	8184245305
8184245305	9821094366
9821094366	11457943427
11457943427	13094792488
13094792488	14731641549
14731641549	16368490618
0	1636849061
1636849061	3273698122
3273698122	4910547183
4910547183	6547396244
6547396244	8184245305
8184245305	9821094366
9821094366	11457943427
11457943427	13094792488
13094792488	14731641549
14731641549	16368490618
reads finish.	347
###kmer_is 20 sample_ratio_is 23
1048576	24433	24150
####1048576	0.0233011	0.0230312
Finish with time:	347
16368490618
0	1636849061
1636849061	3273698122
3273698122	4910547183
4910547183	6547396244
6547396244	8184245305
8184245305	9821094366
9821094366	11457943427
11457943427	13094792488
13094792488	14731641549
14731641549	16368490618
0	1636849061
1636849061	3273698122
3273698122	4910547183
4910547183	6547396244
6547396244	8184245305
8184245305	9821094366
9821094366	11457943427
11457943427	13094792488
13094792488	14731641549
14731641549	16368490618
reads finish.	376
###kmer_is 20 sample_ratio_is 33
1048576	18442	18090
####1048576	0.0175877	0.017252
Finish with time:	376
16368490618
0	1636849061
1636849061	3273698122
3273698122	4910547183
4910547183	6547396244
6547396244	8184245305
8184245305	9821094366
9821094366	11457943427
11457943427	13094792488
13094792488	14731641549
14731641549	16368490618
0	1636849061
1636849061	3273698122
3273698122	4910547183
4910547183	6547396244
6547396244	8184245305
8184245305	9821094366
9821094366	11457943427
11457943427	13094792488
13094792488	14731641549
14731641549	16368490618
reads finish.	458
###kmer_is 20 sample_ratio_is 50
1048576	34076	32841
####1048576	0.0324974	0.0313196
Finish with time:	458
16368490618
0	1636849061
1636849061	3273698122
3273698122	4910547183
4910547183	6547396244
6547396244	8184245305
8184245305	9821094366
9821094366	11457943427
11457943427	13094792488
13094792488	14731641549
14731641549	16368490618
0	1636849061
1636849061	3273698122
3273698122	4910547183
4910547183	6547396244
6547396244	8184245305
8184245305	9821094366
9821094366	11457943427
11457943427	13094792488
13094792488	14731641549
14731641549	16368490618
reads finish.	643
###kmer_is 20 sample_ratio_is 75
1048576	14189	13989
####1048576	0.0135317	0.013341
Finish with time:	643
16368490618
0	1636849061
1636849061	3273698122
3273698122	4910547183
4910547183	6547396244
6547396244	8184245305
8184245305	9821094366
9821094366	11457943427
11457943427	13094792488
13094792488	14731641549
14731641549	16368490618
0	1636849061
1636849061	3273698122
3273698122	4910547183
4910547183	6547396244
6547396244	8184245305
8184245305	9821094366
9821094366	11457943427
11457943427	13094792488
13094792488	14731641549
14731641549	16368490618
reads finish.	842
###kmer_is 20 sample_ratio_is 100
1048576	21719	21100
####1048576	0.0207129	0.0201225
Finish with time:	842
16368490618
0	1636849061
1636849061	3273698122
3273698122	4910547183
4910547183	6547396244
6547396244	8184245305
8184245305	9821094366
9821094366	11457943427
11457943427	13094792488
13094792488	14731641549
14731641549	16368490618
0	1636849061
1636849061	3273698122
3273698122	4910547183
4910547183	6547396244
6547396244	8184245305
8184245305	9821094366
9821094366	11457943427
11457943427	13094792488
13094792488	14731641549
14731641549	16368490618
reads finish.	331
###kmer_is 21 sample_ratio_is 13
2097152	137955	137107
####2097152	0.0657821	0.0653777
Finish with time:	331
16368490618
0	1636849061
1636849061	3273698122
3273698122	4910547183
4910547183	6547396244
6547396244	8184245305
8184245305	9821094366
9821094366	11457943427
11457943427	13094792488
13094792488	14731641549
14731641549	16368490618
0	1636849061
1636849061	3273698122
3273698122	4910547183
4910547183	6547396244
6547396244	8184245305
8184245305	9821094366
9821094366	11457943427
11457943427	13094792488
13094792488	14731641549
14731641549	16368490618
reads finish.	352
###kmer_is 21 sample_ratio_is 23
2097152	10752	10383
####2097152	0.00512695	0.004951
Finish with time:	352
16368490618
0	1636849061
1636849061	3273698122
3273698122	4910547183
4910547183	6547396244
6547396244	8184245305
8184245305	9821094366
9821094366	11457943427
11457943427	13094792488
13094792488	14731641549
14731641549	16368490618
0	1636849061
1636849061	3273698122
3273698122	4910547183
4910547183	6547396244
6547396244	8184245305
8184245305	9821094366
9821094366	11457943427
11457943427	13094792488
13094792488	14731641549
14731641549	16368490618
reads finish.	382
###kmer_is 21 sample_ratio_is 33
2097152	2554	1405
####2097152	0.00121784	0.000669956
Finish with time:	382
16368490618
0	1636849061
1636849061	3273698122
3273698122	4910547183
4910547183	6547396244
6547396244	8184245305
8184245305	9821094366
9821094366	11457943427
11457943427	13094792488
13094792488	14731641549
14731641549	16368490618
0	1636849061
1636849061	3273698122
3273698122	4910547183
4910547183	6547396244
6547396244	8184245305
8184245305	9821094366
9821094366	11457943427
11457943427	13094792488
13094792488	14731641549
14731641549	16368490618
reads finish.	472
###kmer_is 21 sample_ratio_is 50
2097152	16535	16442
####2097152	0.0078845	0.00784016
Finish with time:	472
16368490618
0	1636849061
1636849061	3273698122
3273698122	4910547183
4910547183	6547396244
6547396244	8184245305
8184245305	9821094366
9821094366	11457943427
11457943427	13094792488
13094792488	14731641549
14731641549	16368490618
0	1636849061
1636849061	3273698122
3273698122	4910547183
4910547183	6547396244
6547396244	8184245305
8184245305	9821094366
9821094366	11457943427
11457943427	13094792488
13094792488	14731641549
14731641549	16368490618
reads finish.	663
###kmer_is 21 sample_ratio_is 75
2097152	13739	13684
####2097152	0.00655127	0.00652504
Finish with time:	663
16368490618
0	1636849061
1636849061	3273698122
3273698122	4910547183
4910547183	6547396244
6547396244	8184245305
8184245305	9821094366
9821094366	11457943427
11457943427	13094792488
13094792488	14731641549
14731641549	16368490618
0	1636849061
1636849061	3273698122
3273698122	4910547183
4910547183	6547396244
6547396244	8184245305
8184245305	9821094366
9821094366	11457943427
11457943427	13094792488
13094792488	14731641549
14731641549	16368490618
reads finish.	877
###kmer_is 21 sample_ratio_is 100
2097152	76190	75110
####2097152	0.0363302	0.0358152
Finish with time:	877
16368490618
0	1636849061
1636849061	3273698122
3273698122	4910547183
4910547183	6547396244
6547396244	8184245305
8184245305	9821094366
9821094366	11457943427
11457943427	13094792488
13094792488	14731641549
14731641549	16368490618
0	1636849061
1636849061	3273698122
3273698122	4910547183
4910547183	6547396244
6547396244	8184245305
8184245305	9821094366
9821094366	11457943427
11457943427	13094792488
13094792488	14731641549
14731641549	16368490618
reads finish.	333
###kmer_is 22 sample_ratio_is 13
4194304	46832	42099
####4194304	0.0111656	0.0100372
Finish with time:	333
16368490618
0	1636849061
1636849061	3273698122
3273698122	4910547183
4910547183	6547396244
6547396244	8184245305
8184245305	9821094366
9821094366	11457943427
11457943427	13094792488
13094792488	14731641549
14731641549	16368490618
0	1636849061
1636849061	3273698122
3273698122	4910547183
4910547183	6547396244
6547396244	8184245305
8184245305	9821094366
9821094366	11457943427
11457943427	13094792488
13094792488	14731641549
14731641549	16368490618
reads finish.	354
###kmer_is 22 sample_ratio_is 23
4194304	10858	5768
####4194304	0.00258875	0.0013752
Finish with time:	354
16368490618
0	1636849061
1636849061	3273698122
3273698122	4910547183
4910547183	6547396244
6547396244	8184245305
8184245305	9821094366
9821094366	11457943427
11457943427	13094792488
13094792488	14731641549
14731641549	16368490618
0	1636849061
1636849061	3273698122
3273698122	4910547183
4910547183	6547396244
6547396244	8184245305
8184245305	9821094366
9821094366	11457943427
11457943427	13094792488
13094792488	14731641549
14731641549	16368490618
reads finish.	386
###kmer_is 22 sample_ratio_is 33
4194304	6998	2859
####4194304	0.00166845	0.000681639
Finish with time:	386
16368490618
0	1636849061
1636849061	3273698122
3273698122	4910547183
4910547183	6547396244
6547396244	8184245305
8184245305	9821094366
9821094366	11457943427
11457943427	13094792488
13094792488	14731641549
14731641549	16368490618
0	1636849061
1636849061	3273698122
3273698122	4910547183
4910547183	6547396244
6547396244	8184245305
8184245305	9821094366
9821094366	11457943427
11457943427	13094792488
13094792488	14731641549
14731641549	16368490618
reads finish.	487
###kmer_is 22 sample_ratio_is 50
4194304	408896	399829
####4194304	0.0974884	0.0953267
Finish with time:	487
16368490618
0	1636849061
1636849061	3273698122
3273698122	4910547183
4910547183	6547396244
6547396244	8184245305
8184245305	9821094366
9821094366	11457943427
11457943427	13094792488
13094792488	14731641549
14731641549	16368490618
0	1636849061
1636849061	3273698122
3273698122	4910547183
4910547183	6547396244
6547396244	8184245305
8184245305	9821094366
9821094366	11457943427
11457943427	13094792488
13094792488	14731641549
14731641549	16368490618
reads finish.	694
###kmer_is 22 sample_ratio_is 75
4194304	79641	79075
####4194304	0.0189879	0.0188529
Finish with time:	694
16368490618
0	1636849061
1636849061	3273698122
3273698122	4910547183
4910547183	6547396244
6547396244	8184245305
8184245305	9821094366
9821094366	11457943427
11457943427	13094792488
13094792488	14731641549
14731641549	16368490618
0	1636849061
1636849061	3273698122
3273698122	4910547183
4910547183	6547396244
6547396244	8184245305
8184245305	9821094366
9821094366	11457943427
11457943427	13094792488
13094792488	14731641549
14731641549	16368490618
reads finish.	913
###kmer_is 22 sample_ratio_is 100
4194304	38162	37686
####4194304	0.00909853	0.00898504
Finish with time:	913
16368490618
0	1636849061
1636849061	3273698122
3273698122	4910547183
4910547183	6547396244
6547396244	8184245305
8184245305	9821094366
9821094366	11457943427
11457943427	13094792488
13094792488	14731641549
14731641549	16368490618
0	1636849061
1636849061	3273698122
3273698122	4910547183
4910547183	6547396244
6547396244	8184245305
8184245305	9821094366
9821094366	11457943427
11457943427	13094792488
13094792488	14731641549
14731641549	16368490618
reads finish.	334
###kmer_is 23 sample_ratio_is 13
8388608	477466	467230
####8388608	0.0569184	0.0556982
Finish with time:	334
16368490618
0	1636849061
1636849061	3273698122
3273698122	4910547183
4910547183	6547396244
6547396244	8184245305
8184245305	9821094366
9821094366	11457943427
11457943427	13094792488
13094792488	14731641549
14731641549	16368490618
0	1636849061
1636849061	3273698122
3273698122	4910547183
4910547183	6547396244
6547396244	8184245305
8184245305	9821094366
9821094366	11457943427
11457943427	13094792488
13094792488	14731641549
14731641549	16368490618
reads finish.	356
###kmer_is 23 sample_ratio_is 23
8388608	446062	442767
####8388608	0.0531747	0.0527819
Finish with time:	356
16368490618
0	1636849061
1636849061	3273698122
3273698122	4910547183
4910547183	6547396244
6547396244	8184245305
8184245305	9821094366
9821094366	11457943427
11457943427	13094792488
13094792488	14731641549
14731641549	16368490618
0	1636849061
1636849061	3273698122
3273698122	4910547183
4910547183	6547396244
6547396244	8184245305
8184245305	9821094366
9821094366	11457943427
11457943427	13094792488
13094792488	14731641549
14731641549	16368490618
reads finish.	396
###kmer_is 23 sample_ratio_is 33
8388608	57388	50975
####8388608	0.00684118	0.00607669
Finish with time:	396
16368490618
0	1636849061
1636849061	3273698122
3273698122	4910547183
4910547183	6547396244
6547396244	8184245305
8184245305	9821094366
9821094366	11457943427
11457943427	13094792488
13094792488	14731641549
14731641549	16368490618
0	1636849061
1636849061	3273698122
3273698122	4910547183
4910547183	6547396244
6547396244	8184245305
8184245305	9821094366
9821094366	11457943427
11457943427	13094792488
13094792488	14731641549
14731641549	16368490618
reads finish.	505
###kmer_is 23 sample_ratio_is 50
8388608	25790	24205
####8388608	0.00307441	0.00288546
Finish with time:	505
16368490618
0	1636849061
1636849061	3273698122
3273698122	4910547183
4910547183	6547396244
6547396244	8184245305
8184245305	9821094366
9821094366	11457943427
11457943427	13094792488
13094792488	14731641549
14731641549	16368490618
0	1636849061
1636849061	3273698122
3273698122	4910547183
4910547183	6547396244
6547396244	8184245305
8184245305	9821094366
9821094366	11457943427
11457943427	13094792488
13094792488	14731641549
14731641549	16368490618
reads finish.	725
###kmer_is 23 sample_ratio_is 75
8388608	162859	161982
####8388608	0.0194143	0.0193098
Finish with time:	725
16368490618
0	1636849061
1636849061	3273698122
3273698122	4910547183
4910547183	6547396244
6547396244	8184245305
8184245305	9821094366
9821094366	11457943427
11457943427	13094792488
13094792488	14731641549
14731641549	16368490618
0	1636849061
1636849061	3273698122
3273698122	4910547183
4910547183	6547396244
6547396244	8184245305
8184245305	9821094366
9821094366	11457943427
11457943427	13094792488
13094792488	14731641549
14731641549	16368490618
reads finish.	960
###kmer_is 23 sample_ratio_is 100
8388608	12600	9032
####8388608	0.00150204	0.0010767
Finish with time:	960
16368490618
0	1636849061
1636849061	3273698122
3273698122	4910547183
4910547183	6547396244
6547396244	8184245305
8184245305	9821094366
9821094366	11457943427
11457943427	13094792488
13094792488	14731641549
14731641549	16368490618
0	1636849061
1636849061	3273698122
3273698122	4910547183
4910547183	6547396244
6547396244	8184245305
8184245305	9821094366
9821094366	11457943427
11457943427	13094792488
13094792488	14731641549
14731641549	16368490618
reads finish.	337
###kmer_is 24 sample_ratio_is 13
16777216	734252	716547
####16777216	0.0437648	0.0427095
Finish with time:	337
16368490618
0	1636849061
1636849061	3273698122
3273698122	4910547183
4910547183	6547396244
6547396244	8184245305
8184245305	9821094366
9821094366	11457943427
11457943427	13094792488
13094792488	14731641549
14731641549	16368490618
0	1636849061
1636849061	3273698122
3273698122	4910547183
4910547183	6547396244
6547396244	8184245305
8184245305	9821094366
9821094366	11457943427
11457943427	13094792488
13094792488	14731641549
14731641549	16368490618
reads finish.	368
###kmer_is 24 sample_ratio_is 23
16777216	106152	57250
####16777216	0.00632715	0.00341237
Finish with time:	368
16368490618
0	1636849061
1636849061	3273698122
3273698122	4910547183
4910547183	6547396244
6547396244	8184245305
8184245305	9821094366
9821094366	11457943427
11457943427	13094792488
13094792488	14731641549
14731641549	16368490618
0	1636849061
1636849061	3273698122
3273698122	4910547183
4910547183	6547396244
6547396244	8184245305
8184245305	9821094366
9821094366	11457943427
11457943427	13094792488
13094792488	14731641549
14731641549	16368490618
reads finish.	412
###kmer_is 24 sample_ratio_is 33
16777216	954307	949056
####16777216	0.0568811	0.0565681
Finish with time:	412
16368490618
0	1636849061
1636849061	3273698122
3273698122	4910547183
4910547183	6547396244
6547396244	8184245305
8184245305	9821094366
9821094366	11457943427
11457943427	13094792488
13094792488	14731641549
14731641549	16368490618
0	1636849061
1636849061	3273698122
3273698122	4910547183
4910547183	6547396244
6547396244	8184245305
8184245305	9821094366
9821094366	11457943427
11457943427	13094792488
13094792488	14731641549
14731641549	16368490618
reads finish.	543
###kmer_is 24 sample_ratio_is 50
16777216	829162	819327
####16777216	0.0494219	0.0488357
Finish with time:	543
16368490618
0	1636849061
1636849061	3273698122
3273698122	4910547183
4910547183	6547396244
6547396244	8184245305
8184245305	9821094366
9821094366	11457943427
11457943427	13094792488
13094792488	14731641549
14731641549	16368490618
0	1636849061
1636849061	3273698122
3273698122	4910547183
4910547183	6547396244
6547396244	8184245305
8184245305	9821094366
9821094366	11457943427
11457943427	13094792488
13094792488	14731641549
14731641549	16368490618
reads finish.	789
###kmer_is 24 sample_ratio_is 75
16777216	22699	9009
####16777216	0.00135297	0.000536978
Finish with time:	789
16368490618
0	1636849061
1636849061	3273698122
3273698122	4910547183
4910547183	6547396244
6547396244	8184245305
8184245305	9821094366
9821094366	11457943427
11457943427	13094792488
13094792488	14731641549
14731641549	16368490618
0	1636849061
1636849061	3273698122
3273698122	4910547183
4910547183	6547396244
6547396244	8184245305
8184245305	9821094366
9821094366	11457943427
11457943427	13094792488
13094792488	14731641549
14731641549	16368490618
reads finish.	1045
###kmer_is 24 sample_ratio_is 100
16777216	2.32891e+06	2.30678e+06
####16777216	0.138814	0.137495
Finish with time:	1045
16368490618
0	1636849061
1636849061	3273698122
3273698122	4910547183
4910547183	6547396244
6547396244	8184245305
8184245305	9821094366
9821094366	11457943427
11457943427	13094792488
13094792488	14731641549
14731641549	16368490618
0	1636849061
1636849061	3273698122
3273698122	4910547183
4910547183	6547396244
6547396244	8184245305
8184245305	9821094366
9821094366	11457943427
11457943427	13094792488
13094792488	14731641549
14731641549	16368490618
reads finish.	341
###kmer_is 25 sample_ratio_is 13
33554432	1.52561e+06	1.02742e+06
####33554432	0.0454668	0.0306196
Finish with time:	341
16368490618
0	1636849061
1636849061	3273698122
3273698122	4910547183
4910547183	6547396244
6547396244	8184245305
8184245305	9821094366
9821094366	11457943427
11457943427	13094792488
13094792488	14731641549
14731641549	16368490618
0	1636849061
1636849061	3273698122
3273698122	4910547183
4910547183	6547396244
6547396244	8184245305
8184245305	9821094366
9821094366	11457943427
11457943427	13094792488
13094792488	14731641549
14731641549	16368490618
reads finish.	374
###kmer_is 25 sample_ratio_is 23
33554432	1.35879e+06	1.26582e+06
####33554432	0.0404952	0.0377244
Finish with time:	374
16368490618
0	1636849061
1636849061	3273698122
3273698122	4910547183
4910547183	6547396244
6547396244	8184245305
8184245305	9821094366
9821094366	11457943427
11457943427	13094792488
13094792488	14731641549
14731641549	16368490618
0	1636849061
1636849061	3273698122
3273698122	4910547183
4910547183	6547396244
6547396244	8184245305
8184245305	9821094366
9821094366	11457943427
11457943427	13094792488
13094792488	14731641549
14731641549	16368490618
reads finish.	433
###kmer_is 25 sample_ratio_is 33
33554432	406471	168384
####33554432	0.0121138	0.00501823
Finish with time:	433
16368490618
0	1636849061
1636849061	3273698122
3273698122	4910547183
4910547183	6547396244
6547396244	8184245305
8184245305	9821094366
9821094366	11457943427
11457943427	13094792488
13094792488	14731641549
14731641549	16368490618
0	1636849061
1636849061	3273698122
3273698122	4910547183
4910547183	6547396244
6547396244	8184245305
8184245305	9821094366
9821094366	11457943427
11457943427	13094792488
13094792488	14731641549
14731641549	16368490618
reads finish.	592
###kmer_is 25 sample_ratio_is 50
33554432	1.53981e+06	1.50101e+06
####33554432	0.0458898	0.0447336
Finish with time:	592
16368490618
0	1636849061
1636849061	3273698122
3273698122	4910547183
4910547183	6547396244
6547396244	8184245305
8184245305	9821094366
9821094366	11457943427
11457943427	13094792488
13094792488	14731641549
14731641549	16368490618
0	1636849061
1636849061	3273698122
3273698122	4910547183
4910547183	6547396244
6547396244	8184245305
8184245305	9821094366
9821094366	11457943427
11457943427	13094792488
13094792488	14731641549
14731641549	16368490618
reads finish.	869
###kmer_is 25 sample_ratio_is 75
33554432	2.14897e+06	2.13841e+06
####33554432	0.0640443	0.0637295
Finish with time:	869
16368490618
0	1636849061
1636849061	3273698122
3273698122	4910547183
4910547183	6547396244
6547396244	8184245305
8184245305	9821094366
9821094366	11457943427
11457943427	13094792488
13094792488	14731641549
14731641549	16368490618
0	1636849061
1636849061	3273698122
3273698122	4910547183
4910547183	6547396244
6547396244	8184245305
8184245305	9821094366
9821094366	11457943427
11457943427	13094792488
13094792488	14731641549
14731641549	16368490618
reads finish.	1153
###kmer_is 25 sample_ratio_is 100
33554432	170329	77130
####33554432	0.0050762	0.00229865
Finish with time:	1154
16368490618
0	1636849061
1636849061	3273698122
3273698122	4910547183
4910547183	6547396244
6547396244	8184245305
8184245305	9821094366
9821094366	11457943427
11457943427	13094792488
13094792488	14731641549
14731641549	16368490618
0	1636849061
1636849061	3273698122
3273698122	4910547183
4910547183	6547396244
6547396244	8184245305
8184245305	9821094366
9821094366	11457943427
11457943427	13094792488
13094792488	14731641549
14731641549	16368490618
reads finish.	342
###kmer_is 26 sample_ratio_is 13
67108864	7.11098e+06	6.26852e+06
####67108864	0.105962	0.0934082
Finish with time:	342
16368490618
0	1636849061
1636849061	3273698122
3273698122	4910547183
4910547183	6547396244
6547396244	8184245305
8184245305	9821094366
9821094366	11457943427
11457943427	13094792488
13094792488	14731641549
14731641549	16368490618
0	1636849061
1636849061	3273698122
3273698122	4910547183
4910547183	6547396244
6547396244	8184245305
8184245305	9821094366
9821094366	11457943427
11457943427	13094792488
13094792488	14731641549
14731641549	16368490618
reads finish.	384
###kmer_is 26 sample_ratio_is 23
67108864	5.61281e+06	5.11893e+06
####67108864	0.0836373	0.0762781
Finish with time:	384
16368490618
0	1636849061
1636849061	3273698122
3273698122	4910547183
4910547183	6547396244
6547396244	8184245305
8184245305	9821094366
9821094366	11457943427
11457943427	13094792488
13094792488	14731641549
14731641549	16368490618
0	1636849061
1636849061	3273698122
3273698122	4910547183
4910547183	6547396244
6547396244	8184245305
8184245305	9821094366
9821094366	11457943427
11457943427	13094792488
13094792488	14731641549
14731641549	16368490618
reads finish.	452
###kmer_is 26 sample_ratio_is 33
67108864	1.26424e+06	463973
####67108864	0.0188386	0.00691374
Finish with time:	452
./count_diff_kmer /mnt/d/breakpoints/HGT/uhgg_snp//species20_snp0.01_depth50_reads150_sample_0_high.1.fq         /mnt/d/breakpoints/HGT/uhgg_snp//species20_snp0.01_depth50_reads150_sample_0_high.2.fq 20 13
./count_diff_kmer /mnt/d/breakpoints/HGT/uhgg_snp//species20_snp0.01_depth50_reads150_sample_0_high.1.fq         /mnt/d/breakpoints/HGT/uhgg_snp//species20_snp0.01_depth50_reads150_sample_0_high.2.fq 20 23
./count_diff_kmer /mnt/d/breakpoints/HGT/uhgg_snp//species20_snp0.01_depth50_reads150_sample_0_high.1.fq         /mnt/d/breakpoints/HGT/uhgg_snp//species20_snp0.01_depth50_reads150_sample_0_high.2.fq 20 33
./count_diff_kmer /mnt/d/breakpoints/HGT/uhgg_snp//species20_snp0.01_depth50_reads150_sample_0_high.1.fq         /mnt/d/breakpoints/HGT/uhgg_snp//species20_snp0.01_depth50_reads150_sample_0_high.2.fq 20 50
./count_diff_kmer /mnt/d/breakpoints/HGT/uhgg_snp//species20_snp0.01_depth50_reads150_sample_0_high.1.fq         /mnt/d/breakpoints/HGT/uhgg_snp//species20_snp0.01_depth50_reads150_sample_0_high.2.fq 20 75
./count_diff_kmer /mnt/d/breakpoints/HGT/uhgg_snp//species20_snp0.01_depth50_reads150_sample_0_high.1.fq         /mnt/d/breakpoints/HGT/uhgg_snp//species20_snp0.01_depth50_reads150_sample_0_high.2.fq 20 100
./count_diff_kmer /mnt/d/breakpoints/HGT/uhgg_snp//species20_snp0.01_depth50_reads150_sample_0_high.1.fq         /mnt/d/breakpoints/HGT/uhgg_snp//species20_snp0.01_depth50_reads150_sample_0_high.2.fq 21 13
./count_diff_kmer /mnt/d/breakpoints/HGT/uhgg_snp//species20_snp0.01_depth50_reads150_sample_0_high.1.fq         /mnt/d/breakpoints/HGT/uhgg_snp//species20_snp0.01_depth50_reads150_sample_0_high.2.fq 21 23
./count_diff_kmer /mnt/d/breakpoints/HGT/uhgg_snp//species20_snp0.01_depth50_reads150_sample_0_high.1.fq         /mnt/d/breakpoints/HGT/uhgg_snp//species20_snp0.01_depth50_reads150_sample_0_high.2.fq 21 33
./count_diff_kmer /mnt/d/breakpoints/HGT/uhgg_snp//species20_snp0.01_depth50_reads150_sample_0_high.1.fq         /mnt/d/breakpoints/HGT/uhgg_snp//species20_snp0.01_depth50_reads150_sample_0_high.2.fq 21 50
./count_diff_kmer /mnt/d/breakpoints/HGT/uhgg_snp//species20_snp0.01_depth50_reads150_sample_0_high.1.fq         /mnt/d/breakpoints/HGT/uhgg_snp//species20_snp0.01_depth50_reads150_sample_0_high.2.fq 21 75
./count_diff_kmer /mnt/d/breakpoints/HGT/uhgg_snp//species20_snp0.01_depth50_reads150_sample_0_high.1.fq         /mnt/d/breakpoints/HGT/uhgg_snp//species20_snp0.01_depth50_reads150_sample_0_high.2.fq 21 100
./count_diff_kmer /mnt/d/breakpoints/HGT/uhgg_snp//species20_snp0.01_depth50_reads150_sample_0_high.1.fq         /mnt/d/breakpoints/HGT/uhgg_snp//species20_snp0.01_depth50_reads150_sample_0_high.2.fq 22 13
./count_diff_kmer /mnt/d/breakpoints/HGT/uhgg_snp//species20_snp0.01_depth50_reads150_sample_0_high.1.fq         /mnt/d/breakpoints/HGT/uhgg_snp//species20_snp0.01_depth50_reads150_sample_0_high.2.fq 22 23
./count_diff_kmer /mnt/d/breakpoints/HGT/uhgg_snp//species20_snp0.01_depth50_reads150_sample_0_high.1.fq         /mnt/d/breakpoints/HGT/uhgg_snp//species20_snp0.01_depth50_reads150_sample_0_high.2.fq 22 33
./count_diff_kmer /mnt/d/breakpoints/HGT/uhgg_snp//species20_snp0.01_depth50_reads150_sample_0_high.1.fq         /mnt/d/breakpoints/HGT/uhgg_snp//species20_snp0.01_depth50_reads150_sample_0_high.2.fq 22 50
./count_diff_kmer /mnt/d/breakpoints/HGT/uhgg_snp//species20_snp0.01_depth50_reads150_sample_0_high.1.fq         /mnt/d/breakpoints/HGT/uhgg_snp//species20_snp0.01_depth50_reads150_sample_0_high.2.fq 22 75
./count_diff_kmer /mnt/d/breakpoints/HGT/uhgg_snp//species20_snp0.01_depth50_reads150_sample_0_high.1.fq         /mnt/d/breakpoints/HGT/uhgg_snp//species20_snp0.01_depth50_reads150_sample_0_high.2.fq 22 100
./count_diff_kmer /mnt/d/breakpoints/HGT/uhgg_snp//species20_snp0.01_depth50_reads150_sample_0_high.1.fq         /mnt/d/breakpoints/HGT/uhgg_snp//species20_snp0.01_depth50_reads150_sample_0_high.2.fq 23 13
./count_diff_kmer /mnt/d/breakpoints/HGT/uhgg_snp//species20_snp0.01_depth50_reads150_sample_0_high.1.fq         /mnt/d/breakpoints/HGT/uhgg_snp//species20_snp0.01_depth50_reads150_sample_0_high.2.fq 23 23
./count_diff_kmer /mnt/d/breakpoints/HGT/uhgg_snp//species20_snp0.01_depth50_reads150_sample_0_high.1.fq         /mnt/d/breakpoints/HGT/uhgg_snp//species20_snp0.01_depth50_reads150_sample_0_high.2.fq 23 33
./count_diff_kmer /mnt/d/breakpoints/HGT/uhgg_snp//species20_snp0.01_depth50_reads150_sample_0_high.1.fq         /mnt/d/breakpoints/HGT/uhgg_snp//species20_snp0.01_depth50_reads150_sample_0_high.2.fq 23 50
./count_diff_kmer /mnt/d/breakpoints/HGT/uhgg_snp//species20_snp0.01_depth50_reads150_sample_0_high.1.fq         /mnt/d/breakpoints/HGT/uhgg_snp//species20_snp0.01_depth50_reads150_sample_0_high.2.fq 23 75
./count_diff_kmer /mnt/d/breakpoints/HGT/uhgg_snp//species20_snp0.01_depth50_reads150_sample_0_high.1.fq         /mnt/d/breakpoints/HGT/uhgg_snp//species20_snp0.01_depth50_reads150_sample_0_high.2.fq 23 100
./count_diff_kmer /mnt/d/breakpoints/HGT/uhgg_snp//species20_snp0.01_depth50_reads150_sample_0_high.1.fq         /mnt/d/breakpoints/HGT/uhgg_snp//species20_snp0.01_depth50_reads150_sample_0_high.2.fq 24 13
./count_diff_kmer /mnt/d/breakpoints/HGT/uhgg_snp//species20_snp0.01_depth50_reads150_sample_0_high.1.fq         /mnt/d/breakpoints/HGT/uhgg_snp//species20_snp0.01_depth50_reads150_sample_0_high.2.fq 24 23
./count_diff_kmer /mnt/d/breakpoints/HGT/uhgg_snp//species20_snp0.01_depth50_reads150_sample_0_high.1.fq         /mnt/d/breakpoints/HGT/uhgg_snp//species20_snp0.01_depth50_reads150_sample_0_high.2.fq 24 33
./count_diff_kmer /mnt/d/breakpoints/HGT/uhgg_snp//species20_snp0.01_depth50_reads150_sample_0_high.1.fq         /mnt/d/breakpoints/HGT/uhgg_snp//species20_snp0.01_depth50_reads150_sample_0_high.2.fq 24 50
./count_diff_kmer /mnt/d/breakpoints/HGT/uhgg_snp//species20_snp0.01_depth50_reads150_sample_0_high.1.fq         /mnt/d/breakpoints/HGT/uhgg_snp//species20_snp0.01_depth50_reads150_sample_0_high.2.fq 24 75
./count_diff_kmer /mnt/d/breakpoints/HGT/uhgg_snp//species20_snp0.01_depth50_reads150_sample_0_high.1.fq         /mnt/d/breakpoints/HGT/uhgg_snp//species20_snp0.01_depth50_reads150_sample_0_high.2.fq 24 100
./count_diff_kmer /mnt/d/breakpoints/HGT/uhgg_snp//species20_snp0.01_depth50_reads150_sample_0_high.1.fq         /mnt/d/breakpoints/HGT/uhgg_snp//species20_snp0.01_depth50_reads150_sample_0_high.2.fq 25 13
./count_diff_kmer /mnt/d/breakpoints/HGT/uhgg_snp//species20_snp0.01_depth50_reads150_sample_0_high.1.fq         /mnt/d/breakpoints/HGT/uhgg_snp//species20_snp0.01_depth50_reads150_sample_0_high.2.fq 25 23
./count_diff_kmer /mnt/d/breakpoints/HGT/uhgg_snp//species20_snp0.01_depth50_reads150_sample_0_high.1.fq         /mnt/d/breakpoints/HGT/uhgg_snp//species20_snp0.01_depth50_reads150_sample_0_high.2.fq 25 33
./count_diff_kmer /mnt/d/breakpoints/HGT/uhgg_snp//species20_snp0.01_depth50_reads150_sample_0_high.1.fq         /mnt/d/breakpoints/HGT/uhgg_snp//species20_snp0.01_depth50_reads150_sample_0_high.2.fq 25 50
./count_diff_kmer /mnt/d/breakpoints/HGT/uhgg_snp//species20_snp0.01_depth50_reads150_sample_0_high.1.fq         /mnt/d/breakpoints/HGT/uhgg_snp//species20_snp0.01_depth50_reads150_sample_0_high.2.fq 25 75
./count_diff_kmer /mnt/d/breakpoints/HGT/uhgg_snp//species20_snp0.01_depth50_reads150_sample_0_high.1.fq         /mnt/d/breakpoints/HGT/uhgg_snp//species20_snp0.01_depth50_reads150_sample_0_high.2.fq 25 100
./count_diff_kmer /mnt/d/breakpoints/HGT/uhgg_snp//species20_snp0.01_depth50_reads150_sample_0_high.1.fq         /mnt/d/breakpoints/HGT/uhgg_snp//species20_snp0.01_depth50_reads150_sample_0_high.2.fq 26 13
./count_diff_kmer /mnt/d/breakpoints/HGT/uhgg_snp//species20_snp0.01_depth50_reads150_sample_0_high.1.fq         /mnt/d/breakpoints/HGT/uhgg_snp//species20_snp0.01_depth50_reads150_sample_0_high.2.fq 26 23
./count_diff_kmer /mnt/d/breakpoints/HGT/uhgg_snp//species20_snp0.01_depth50_reads150_sample_0_high.1.fq         /mnt/d/breakpoints/HGT/uhgg_snp//species20_snp0.01_depth50_reads150_sample_0_high.2.fq 26 33
./count_diff_kmer /mnt/d/breakpoints/HGT/uhgg_snp//species20_snp0.01_depth50_reads150_sample_0_high.1.fq         /mnt/d/breakpoints/HGT/uhgg_snp//species20_snp0.01_depth50_reads150_sample_0_high.2.fq 26 5016368490618
0	1636849061
1636849061	3273698122
3273698122	4910547183
4910547183	6547396244
6547396244	8184245305
8184245305	9821094366
9821094366	11457943427
11457943427	13094792488
13094792488	14731641549
14731641549	16368490618
0	1636849061
1636849061	3273698122
3273698122	4910547183
4910547183	6547396244
6547396244	8184245305
8184245305	9821094366
9821094366	11457943427
11457943427	13094792488
13094792488	14731641549
14731641549	16368490618
reads finish.	633
###kmer_is 26 sample_ratio_is 50
67108864	1.42665e+06	600695
####67108864	0.0212588	0.00895105
Finish with time:	633
16368490618
0	1636849061
1636849061	3273698122
3273698122	4910547183
4910547183	6547396244
6547396244	8184245305
8184245305	9821094366
9821094366	11457943427
11457943427	13094792488
13094792488	14731641549
14731641549	16368490618
0	1636849061
1636849061	3273698122
3273698122	4910547183
4910547183	6547396244
6547396244	8184245305
8184245305	9821094366
9821094366	11457943427
11457943427	13094792488
13094792488	14731641549
14731641549	16368490618
reads finish.	934
###kmer_is 26 sample_ratio_is 75
67108864	6.9368e+06	6.85672e+06
####67108864	0.103366	0.102173
Finish with time:	934
16368490618
0	1636849061
1636849061	3273698122
3273698122	4910547183
4910547183	6547396244
6547396244	8184245305
8184245305	9821094366
9821094366	11457943427
11457943427	13094792488
13094792488	14731641549
14731641549	16368490618
0	1636849061
1636849061	3273698122
3273698122	4910547183
4910547183	6547396244
6547396244	8184245305
8184245305	9821094366
9821094366	11457943427
11457943427	13094792488
13094792488	14731641549
14731641549	16368490618
reads finish.	1239
###kmer_is 26 sample_ratio_is 100
67108864	920175	775330
####67108864	0.0137117	0.0115533
Finish with time:	1239
16368490618
0	1636849061
1636849061	3273698122
3273698122	4910547183
4910547183	6547396244
6547396244	8184245305
8184245305	9821094366
9821094366	11457943427
11457943427	13094792488
13094792488	14731641549
14731641549	16368490618
0	1636849061
1636849061	3273698122
3273698122	4910547183
4910547183	6547396244
6547396244	8184245305
8184245305	9821094366
9821094366	11457943427
11457943427	13094792488
13094792488	14731641549
14731641549	16368490618
reads finish.	347
###kmer_is 27 sample_ratio_is 13
134217728	1.1764e+07	5.95294e+06
####134217728	0.0876483	0.0443529
Finish with time:	348
16368490618
0	1636849061
1636849061	3273698122
3273698122	4910547183
4910547183	6547396244
6547396244	8184245305
8184245305	9821094366
9821094366	11457943427
11457943427	13094792488
13094792488	14731641549
14731641549	16368490618
0	1636849061
1636849061	3273698122
3273698122	4910547183
4910547183	6547396244
6547396244	8184245305
8184245305	9821094366
9821094366	11457943427
11457943427	13094792488
13094792488	14731641549
14731641549	16368490618
reads finish.	386
###kmer_is 27 sample_ratio_is 23
134217728	7.93261e+06	3.48867e+06
####134217728	0.0591025	0.0259926
Finish with time:	386
16368490618
0	1636849061
1636849061	3273698122
3273698122	4910547183
4910547183	6547396244
6547396244	8184245305
8184245305	9821094366
9821094366	11457943427
11457943427	13094792488
13094792488	14731641549
14731641549	16368490618
0	1636849061
1636849061	3273698122
3273698122	4910547183
4910547183	6547396244
6547396244	8184245305
8184245305	9821094366
9821094366	11457943427
11457943427	13094792488
13094792488	14731641549
14731641549	16368490618
reads finish.	469
###kmer_is 27 sample_ratio_is 33
134217728	4.28974e+06	1.85704e+06
####134217728	0.0319611	0.013836
Finish with time:	470
16368490618
0	1636849061
1636849061	3273698122
3273698122	4910547183
4910547183	6547396244
6547396244	8184245305
8184245305	9821094366
9821094366	11457943427
11457943427	13094792488
13094792488	14731641549
14731641549	16368490618
0	1636849061
1636849061	3273698122
3273698122	4910547183
4910547183	6547396244
6547396244	8184245305
8184245305	9821094366
9821094366	11457943427
11457943427	13094792488
13094792488	14731641549
14731641549	16368490618
reads finish.	664
###kmer_is 27 sample_ratio_is 50
134217728	7.56436e+06	6.54614e+06
####134217728	0.0563588	0.0487725
Finish with time:	664
16368490618
0	1636849061
1636849061	3273698122
3273698122	4910547183
4910547183	6547396244
6547396244	8184245305
8184245305	9821094366
9821094366	11457943427
11457943427	13094792488
13094792488	14731641549
14731641549	16368490618
0	1636849061
1636849061	3273698122
3273698122	4910547183
4910547183	6547396244
6547396244	8184245305
8184245305	9821094366
9821094366	11457943427
11457943427	13094792488
13094792488	14731641549
14731641549	16368490618
reads finish.	984
###kmer_is 27 sample_ratio_is 75
134217728	1.30946e+07	1.21866e+07
####134217728	0.0975625	0.0907974
Finish with time:	984
16368490618
0	1636849061
1636849061	3273698122
3273698122	4910547183
4910547183	6547396244
6547396244	8184245305
8184245305	9821094366
9821094366	11457943427
11457943427	13094792488
13094792488	14731641549
14731641549	16368490618
0	1636849061
1636849061	3273698122
3273698122	4910547183
4910547183	6547396244
6547396244	8184245305
8184245305	9821094366
9821094366	11457943427
11457943427	13094792488
13094792488	14731641549
14731641549	16368490618
reads finish.	1305
###kmer_is 27 sample_ratio_is 100
134217728	3.82414e+06	3.2599e+06
####134217728	0.0284921	0.0242881
Finish with time:	1306
16368490618
0	1636849061
1636849061	3273698122
3273698122	4910547183
4910547183	6547396244
6547396244	8184245305
8184245305	9821094366
9821094366	11457943427
11457943427	13094792488
13094792488	14731641549
14731641549	16368490618
0	1636849061
1636849061	3273698122
3273698122	4910547183
4910547183	6547396244
6547396244	8184245305
8184245305	9821094366
9821094366	11457943427
11457943427	13094792488
13094792488	14731641549
14731641549	16368490618
reads finish.	347
###kmer_is 28 sample_ratio_is 13
268435456	4.17669e+07	1.84106e+07
####268435456	0.155594	0.0685849
Finish with time:	348
16368490618
0	1636849061
1636849061	3273698122
3273698122	4910547183
4910547183	6547396244
6547396244	8184245305
8184245305	9821094366
9821094366	11457943427
11457943427	13094792488
13094792488	14731641549
14731641549	16368490618
0	1636849061
1636849061	3273698122
3273698122	4910547183
4910547183	6547396244
6547396244	8184245305
8184245305	9821094366
9821094366	11457943427
11457943427	13094792488
13094792488	14731641549
14731641549	16368490618
reads finish.	391
###kmer_is 28 sample_ratio_is 23
268435456	2.82134e+07	1.48768e+07
####268435456	0.105103	0.0554203
Finish with time:	392
16368490618
0	1636849061
1636849061	3273698122
3273698122	4910547183
4910547183	6547396244
6547396244	8184245305
8184245305	9821094366
9821094366	11457943427
11457943427	13094792488
13094792488	14731641549
14731641549	16368490618
0	1636849061
1636849061	3273698122
3273698122	4910547183
4910547183	6547396244
6547396244	8184245305
8184245305	9821094366
9821094366	11457943427
11457943427	13094792488
13094792488	14731641549
14731641549	16368490618
reads finish.	480
###kmer_is 28 sample_ratio_is 33
268435456	2.37539e+07	1.35616e+07
####268435456	0.0884901	0.0505208
Finish with time:	481
16368490618
0	1636849061
1636849061	3273698122
3273698122	4910547183
4910547183	6547396244
6547396244	8184245305
8184245305	9821094366
9821094366	11457943427
11457943427	13094792488
13094792488	14731641549
14731641549	16368490618
0	1636849061
1636849061	3273698122
3273698122	4910547183
4910547183	6547396244
6547396244	8184245305
8184245305	9821094366
9821094366	11457943427
11457943427	13094792488
13094792488	14731641549
14731641549	16368490618
reads finish.	687
###kmer_is 28 sample_ratio_is 50
268435456	1.50144e+07	7.5991e+06
####268435456	0.0559328	0.0283089
Finish with time:	688
16368490618
0	1636849061
1636849061	3273698122
3273698122	4910547183
4910547183	6547396244
6547396244	8184245305
8184245305	9821094366
9821094366	11457943427
11457943427	13094792488
13094792488	14731641549
14731641549	16368490618
0	1636849061
1636849061	3273698122
3273698122	4910547183
4910547183	6547396244
6547396244	8184245305
8184245305	9821094366
9821094366	11457943427
11457943427	13094792488
13094792488	14731641549
14731641549	16368490618
reads finish.	1018
###kmer_is 28 sample_ratio_is 75
268435456	1.47439e+07	8.84564e+06
####268435456	0.0549254	0.0329526
Finish with time:	1019
16368490618
0	1636849061
1636849061	3273698122
3273698122	4910547183
4910547183	6547396244
6547396244	8184245305
8184245305	9821094366
9821094366	11457943427
11457943427	13094792488
13094792488	14731641549
14731641549	16368490618
0	1636849061
1636849061	3273698122
3273698122	4910547183
4910547183	6547396244
6547396244	8184245305
8184245305	9821094366
9821094366	11457943427
11457943427	13094792488
13094792488	14731641549
14731641549	16368490618
reads finish.	1344
###kmer_is 28 sample_ratio_is 100
268435456	1.05363e+07	5.38028e+06
####268435456	0.0392508	0.0200431
Finish with time:	1345
16368490618
0	1636849061
1636849061	3273698122
3273698122	4910547183
4910547183	6547396244
6547396244	8184245305
8184245305	9821094366
9821094366	11457943427
11457943427	13094792488
13094792488	14731641549
14731641549	16368490618
0	1636849061
1636849061	3273698122
3273698122	4910547183
4910547183	6547396244
6547396244	8184245305
8184245305	9821094366
9821094366	11457943427
11457943427	13094792488
13094792488	14731641549
14731641549	16368490618
reads finish.	349
###kmer_is 29 sample_ratio_is 13
536870912	1.56954e+08	7.06592e+07
####536870912	0.29235	0.131613
Finish with time:	350
16368490618
0	1636849061
1636849061	3273698122
3273698122	4910547183
4910547183	6547396244
6547396244	8184245305
8184245305	9821094366
9821094366	11457943427
11457943427	13094792488
13094792488	14731641549
14731641549	16368490618
0	1636849061
1636849061	3273698122
3273698122	4910547183
4910547183	6547396244
6547396244	8184245305
8184245305	9821094366
9821094366	11457943427
11457943427	13094792488
13094792488	14731641549
14731641549	16368490618
reads finish.	398
###kmer_is 29 sample_ratio_is 23
536870912	1.10799e+08	5.3669e+07
####536870912	0.20638	0.0999663
Finish with time:	399
16368490618
0	1636849061
1636849061	3273698122
3273698122	4910547183
4910547183	6547396244
6547396244	8184245305
8184245305	9821094366
9821094366	11457943427
11457943427	13094792488
13094792488	14731641549
14731641549	16368490618
0	1636849061
1636849061	3273698122
3273698122	4910547183
4910547183	6547396244
6547396244	8184245305
8184245305	9821094366
9821094366	11457943427
11457943427	13094792488
13094792488	14731641549
14731641549	16368490618
reads finish.	493
###kmer_is 29 sample_ratio_is 33
536870912	7.98028e+07	3.3258e+07
####536870912	0.148644	0.0619479
Finish with time:	494
16368490618
0	1636849061
1636849061	3273698122
3273698122	4910547183
4910547183	6547396244
6547396244	8184245305
8184245305	9821094366
9821094366	11457943427
11457943427	13094792488
13094792488	14731641549
14731641549	16368490618
0	1636849061
1636849061	3273698122
3273698122	4910547183
4910547183	6547396244
6547396244	8184245305
8184245305	9821094366
9821094366	11457943427
11457943427	13094792488
13094792488	14731641549
14731641549	16368490618
reads finish.	706
###kmer_is 29 sample_ratio_is 50
536870912	6.91686e+07	3.73224e+07
####536870912	0.128837	0.0695183
Finish with time:	708
16368490618
0	1636849061
1636849061	3273698122
3273698122	4910547183
4910547183	6547396244
6547396244	8184245305
8184245305	9821094366
9821094366	11457943427
11457943427	13094792488
13094792488	14731641549
14731641549	16368490618
0	1636849061
1636849061	3273698122
3273698122	4910547183
4910547183	6547396244
6547396244	8184245305
8184245305	9821094366
9821094366	11457943427
11457943427	13094792488
13094792488	14731641549
14731641549	16368490618
reads finish.	1045
###kmer_is 29 sample_ratio_is 75
536870912	5.63703e+07	2.66896e+07
####536870912	0.104998	0.0497132
Finish with time:	1047
16368490618
0	1636849061
1636849061	3273698122
3273698122	4910547183
4910547183	6547396244
6547396244	8184245305
8184245305	9821094366
9821094366	11457943427
11457943427	13094792488
13094792488	14731641549
14731641549	16368490618
0	1636849061
1636849061	3273698122
3273698122	4910547183
4910547183	6547396244
6547396244	8184245305
8184245305	9821094366
9821094366	11457943427
11457943427	13094792488
13094792488	14731641549
14731641549	16368490618
reads finish.	1387
###kmer_is 29 sample_ratio_is 100
536870912	4.02205e+07	2.10856e+07
####536870912	0.0749166	0.0392751
Finish with time:	1389
16368490618
0	1636849061
1636849061	3273698122
3273698122	4910547183
4910547183	6547396244
6547396244	8184245305
8184245305	9821094366
9821094366	11457943427
11457943427	13094792488
13094792488	14731641549
14731641549	16368490618
0	1636849061
1636849061	3273698122
3273698122	4910547183
4910547183	6547396244
6547396244	8184245305
8184245305	9821094366
9821094366	11457943427
11457943427	13094792488
13094792488	14731641549
14731641549	16368490618
reads finish.	351
###kmer_is 30 sample_ratio_is 13
1073741824	5.23901e+08	2.51104e+08
####1073741824	0.487921	0.233859
Finish with time:	355
16368490618
0	1636849061
1636849061	3273698122
3273698122	4910547183
4910547183	6547396244
6547396244	8184245305
8184245305	9821094366
9821094366	11457943427
11457943427	13094792488
13094792488	14731641549
14731641549	16368490618
0	1636849061
1636849061	3273698122
3273698122	4910547183
4910547183	6547396244
6547396244	8184245305
8184245305	9821094366
9821094366	11457943427
11457943427	13094792488
13094792488	14731641549
14731641549	16368490618
reads finish.	404
###kmer_is 30 sample_ratio_is 23
1073741824	3.53372e+08	1.51812e+08
####1073741824	0.329104	0.141386
Finish with time:	408
16368490618
0	1636849061
1636849061	3273698122
3273698122	4910547183
4910547183	6547396244
6547396244	8184245305
8184245305	9821094366
9821094366	11457943427
11457943427	13094792488
13094792488	14731641549
14731641549	16368490618
0	1636849061
1636849061	3273698122
3273698122	4910547183
4910547183	6547396244
6547396244	8184245305
8184245305	9821094366
9821094366	11457943427
11457943427	13094792488
13094792488	14731641549
14731641549	16368490618
reads finish.	505
###kmer_is 30 sample_ratio_is 33
1073741824	2.92626e+08	1.29389e+08
####1073741824	0.272529	0.120503
Finish with time:	508
16368490618
0	1636849061
1636849061	3273698122
3273698122	4910547183
4910547183	6547396244
6547396244	8184245305
8184245305	9821094366
9821094366	11457943427
11457943427	13094792488
13094792488	14731641549
14731641549	16368490618
0	1636849061
1636849061	3273698122
3273698122	4910547183
4910547183	6547396244
6547396244	8184245305
8184245305	9821094366
9821094366	11457943427
11457943427	13094792488
13094792488	14731641549
14731641549	16368490618
reads finish.	726
###kmer_is 30 sample_ratio_is 50
1073741824	2.37344e+08	1.34313e+08
####1073741824	0.221044	0.125089
Finish with time:	729
16368490618
0	1636849061
1636849061	3273698122
3273698122	4910547183
4910547183	6547396244
6547396244	8184245305
8184245305	9821094366
9821094366	11457943427
11457943427	13094792488
13094792488	14731641549
14731641549	16368490618
0	1636849061
1636849061	3273698122
3273698122	4910547183
4910547183	6547396244
6547396244	8184245305
8184245305	9821094366
9821094366	11457943427
11457943427	13094792488
13094792488	14731641549
14731641549	16368490618
reads finish.	1077
###kmer_is 30 sample_ratio_is 75
1073741824	1.75223e+08	7.99219e+07
####1073741824	0.163189	0.0744331
Finish with time:	1079
16368490618
0	1636849061
1636849061	3273698122
3273698122	4910547183
4910547183	6547396244
6547396244	8184245305
8184245305	9821094366
9821094366	11457943427
11457943427	13094792488
13094792488	14731641549
14731641549	16368490618
0	1636849061
1636849061	3273698122
3273698122	4910547183
4910547183	6547396244
6547396244	8184245305
8184245305	9821094366
9821094366	11457943427
11457943427	13094792488
13094792488	14731641549
14731641549	16368490618
reads finish.	1424
###kmer_is 30 sample_ratio_is 100
1073741824	1.37263e+08	5.74854e+07
####1073741824	0.127836	0.0535375
Finish with time:	1426
16368490618
0	1636849061
1636849061	3273698122
3273698122	4910547183
4910547183	6547396244
6547396244	8184245305
8184245305	9821094366
9821094366	11457943427
11457943427	13094792488
13094792488	14731641549
14731641549	16368490618
0	1636849061
1636849061	3273698122
3273698122	4910547183
4910547183	6547396244
6547396244	8184245305
8184245305	9821094366
9821094366	11457943427
11457943427	13094792488
13094792488	14731641549
14731641549	16368490618
reads finish.	353
###kmer_is 31 sample_ratio_is 13
2147483648	1.51149e+09	8.16664e+08
####2147483648	0.703843	0.380289
Finish with time:	364
16368490618
0	1636849061
1636849061	3273698122
3273698122	4910547183
4910547183	6547396244
6547396244	8184245305
8184245305	9821094366
9821094366	11457943427
11457943427	13094792488
13094792488	14731641549
14731641549	16368490618
0	1636849061
1636849061	3273698122
3273698122	4910547183
4910547183	6547396244
6547396244	8184245305
8184245305	9821094366
9821094366	11457943427
11457943427	13094792488
13094792488	14731641549
14731641549	16368490618
reads finish.	410
###kmer_is 31 sample_ratio_is 23
2147483648	1.18082e+09	5.86076e+08
####2147483648	0.549864	0.272913
Finish with time:	420
16368490618
0	1636849061
1636849061	3273698122
3273698122	4910547183
4910547183	6547396244
6547396244	8184245305
8184245305	9821094366
9821094366	11457943427
11457943427	13094792488
13094792488	14731641549
14731641549	16368490618
0	1636849061
1636849061	3273698122
3273698122	4910547183
4910547183	6547396244
6547396244	8184245305
8184245305	9821094366
9821094366	11457943427
11457943427	13094792488
13094792488	14731641549
14731641549	16368490618
reads finish.	515
###kmer_is 31 sample_ratio_is 33
2147483648	9.6499e+08	4.66143e+08
####2147483648	0.449358	0.217065
Finish with time:	524
16368490618
0	1636849061
1636849061	3273698122
3273698122	4910547183
4910547183	6547396244
6547396244	8184245305
8184245305	9821094366
9821094366	11457943427
11457943427	13094792488
13094792488	14731641549
14731641549	16368490618
0	1636849061
1636849061	3273698122
3273698122	4910547183
4910547183	6547396244
6547396244	8184245305
8184245305	9821094366
9821094366	11457943427
11457943427	13094792488
13094792488	14731641549
14731641549	16368490618
reads finish.	746
###kmer_is 31 sample_ratio_is 50
2147483648	7.31047e+08	3.17524e+08
####2147483648	0.34042	0.147859
Finish with time:	754
16368490618
0	1636849061
1636849061	3273698122
3273698122	4910547183
4910547183	6547396244
6547396244	8184245305
8184245305	9821094366
9821094366	11457943427
11457943427	13094792488
13094792488	14731641549
14731641549	16368490618
0	1636849061
1636849061	3273698122
3273698122	4910547183
4910547183	6547396244
6547396244	8184245305
8184245305	9821094366
9821094366	11457943427
11457943427	13094792488
13094792488	14731641549
14731641549	16368490618
reads finish.	1107
###kmer_is 31 sample_ratio_is 75
2147483648	5.68695e+08	2.54672e+08
####2147483648	0.264819	0.118591
Finish with time:	1114
16368490618
0	1636849061
1636849061	3273698122
3273698122	4910547183
4910547183	6547396244
6547396244	8184245305
8184245305	9821094366
9821094366	11457943427
11457943427	13094792488
13094792488	14731641549
14731641549	16368490618
0	1636849061
1636849061	3273698122
3273698122	4910547183
4910547183	6547396244
6547396244	8184245305
8184245305	9821094366
9821094366	11457943427
11457943427	13094792488
13094792488	14731641549
14731641549	16368490618
reads finish.	1464
###kmer_is 31 sample_ratio_is 100
2147483648	4.6613e+08	2.13995e+08
####2147483648	0.217059	0.0996493
Finish with time:	1470
16368490618
0	1636849061
1636849061	3273698122
3273698122	4910547183
4910547183	6547396244
6547396244	8184245305
8184245305	9821094366
9821094366	11457943427
11457943427	13094792488
13094792488	14731641549
14731641549	16368490618
0	1636849061
1636849061	3273698122
3273698122	4910547183
4910547183	6547396244
6547396244	8184245305
8184245305	9821094366
9821094366	11457943427
11457943427	13094792488
13094792488	14731641549
14731641549	16368490618
reads finish.	358
###kmer_is 32 sample_ratio_is 13
16368490618
0	1636849061
1636849061	3273698122
3273698122	4910547183
4910547183	6547396244
6547396244	8184245305
8184245305	9821094366
9821094366	11457943427
11457943427	13094792488
13094792488	14731641549
14731641549	16368490618
0	1636849061
1636849061	3273698122
3273698122	4910547183
4910547183	6547396244
6547396244	8184245305
8184245305	9821094366
9821094366	11457943427
11457943427	13094792488
13094792488	14731641549
14731641549	16368490618
reads finish.	609
###kmer_is 32 sample_ratio_is 23
