0.01 50 [0.81719764924219, 0.6987179487179487, 0.8545189504373177, 0.9346113445378151, 0.6004273504273505, 0.7033045977011494, 0.7756696428571428] 0.7692067834172734 0.7756696428571428
0.01 60 [0.8209093721002165, 0.6935897435897436, 0.8463556851311954, 0.9382878151260505, 0.5982905982905982, 0.7076149425287356, 0.765625] 0.7672390223952199 0.765625
0.01 70 [0.8218373028147231, 0.6942307692307692, 0.858600583090379, 0.9343487394957983, 0.6353276353276353, 0.7413793103448275, 0.7589285714285714] 0.7778075588189577 0.7589285714285714
0.01 80 [0.8289514382926074, 0.691025641025641, 0.856268221574344, 0.9459033613445378, 0.611111111111111, 0.742816091954023, 0.7589285714285714] 0.7764292052472622 0.7589285714285714
0.01 90 [0.8345190225796475, 0.7076923076923077, 0.8577259475218658, 0.9590336134453781, 0.6452991452991452, 0.7772988505747126, 0.7723214285714286] 0.7934129022406408 0.7772988505747126
0.01 100 [0.8295700587689452, 0.7051282051282052, 0.8606413994169096, 0.9574579831932772, 0.6068376068376069, 0.7772988505747127, 0.7477678571428572] 0.7835288515803592 0.7772988505747127
0.01 110 [0.8373028147231674, 0.716025641025641, 0.860932944606414, 0.9558823529411765, 0.613960113960114, 0.757183908045977, 0.7801339285714286] 0.7887745291248456 0.7801339285714286
0.01 120 [0.8354469532941541, 0.7076923076923077, 0.8513119533527697, 0.9558823529411765, 0.6481481481481481, 0.7672413793103449, 0.7678571428571428] 0.7905114625137207 0.7678571428571428
0.01 130 [0.8428703990102072, 0.708974358974359, 0.8583090379008746, 0.9472163865546219, 0.6780626780626781, 0.7485632183908046, 0.7700892857142857] 0.7934407663725472 0.7700892857142857
0.01 140 [0.8506031549644293, 0.7134615384615385, 0.8588921282798834, 0.9432773109243697, 0.660968660968661, 0.7614942528735632, 0.7801339285714286] 0.7955472821491247 0.7801339285714286
0.01 150 [0.8472007423445715, 0.7057692307692308, 0.8510204081632653, 0.9445903361344538, 0.6538461538461539, 0.75, 0.7756696428571429] 0.7897280734449741 0.7756696428571429
0.01 160 [0.8472007423445715, 0.6993589743589743, 0.8583090379008746, 0.9414390756302521, 0.6552706552706553, 0.7672413793103449, 0.7745535714285714] 0.7919104908920349 0.7745535714285714
0.01 170 [0.8499845344880915, 0.6916666666666667, 0.8551020408163266, 0.9419642857142857, 0.6424501424501424, 0.7471264367816092, 0.7712053571428572] 0.7856427805799969 0.7712053571428572
0.01 180 [0.8450355706773893, 0.7064102564102565, 0.8513119533527697, 0.9469537815126051, 0.6282051282051282, 0.7399425287356323, 0.7823660714285714] 0.7857464700460502 0.7823660714285714
0.01 190 [0.8447262604392205, 0.691025641025641, 0.8440233236151604, 0.9367121848739496, 0.603988603988604, 0.7514367816091955, 0.7712053571428572] 0.7775883075278038 0.7712053571428572
0.01 200 [0.8376121249613362, 0.6916666666666667, 0.8413994169096211, 0.9367121848739497, 0.6396011396011396, 0.7298850574712644, 0.7767857142857143] 0.7790946149670989 0.7767857142857143
0.01 210 [0.8388493659140117, 0.7, 0.8411078717201166, 0.9364495798319328, 0.6353276353276354, 0.7313218390804598, 0.7678571428571428] 0.7787019192473286 0.7678571428571428
0.01 220 [0.8270955768635943, 0.7038461538461539, 0.8408163265306123, 0.9319852941176471, 0.6153846153846153, 0.7126436781609196, 0.7589285714285715] 0.7701000309045877 0.7589285714285715
0.01 230 [0.8382307454376741, 0.7102564102564103, 0.8376093294460641, 0.9167542016806722, 0.6253561253561253, 0.7126436781609196, 0.7712053571428572] 0.7731508353543889 0.7712053571428572
0.01 240 [0.8348283328178163, 0.7141025641025641, 0.8399416909620991, 0.9128151260504201, 0.6267806267806268, 0.7413793103448276, 0.7767857142857142] 0.7780904807634383 0.7767857142857142
0.01 250 [0.8348283328178163, 0.7192307692307693, 0.8478134110787172, 0.9104516806722689, 0.6339031339031339, 0.7658045977011494, 0.7712053571428572] 0.7833196117923874 0.7712053571428572
0.01 260 [0.8348283328178163, 0.7211538461538461, 0.8422740524781341, 0.9154411764705883, 0.6396011396011396, 0.7471264367816092, 0.7633928571428572] 0.7805454059208559 0.7633928571428572
0.01 270 [0.8255490256727498, 0.7070512820512821, 0.8416909620991253, 0.9154411764705882, 0.650997150997151, 0.7327586206896551, 0.7689732142857142] 0.7774944903237523 0.7689732142857142
0.01 280 [0.829879369007114, 0.7076923076923077, 0.8416909620991254, 0.9046743697478992, 0.6196581196581197, 0.7385057471264368, 0.7511160714285714] 0.7704595638227962 0.7511160714285714
0.01 290 [0.8348283328178163, 0.7147435897435898, 0.8466472303206997, 0.9038865546218489, 0.6581196581196582, 0.7313218390804598, 0.7734375] 0.780426386386296 0.7734375
0.02 50 [0.8270955768635941, 0.716025641025641, 0.8373177842565598, 0.929359243697479, 0.6139601139601139, 0.6781609195402298, 0.734375] 0.7623277541919453 0.734375
0.02 60 [0.8277141973399319, 0.7083333333333333, 0.8448979591836736, 0.9375, 0.6054131054131053, 0.6882183908045977, 0.7488839285714286] 0.7658515592351529 0.7488839285714286
0.02 70 [0.8369935044849984, 0.7, 0.8352769679300291, 0.9440651260504201, 0.6467236467236467, 0.7227011494252873, 0.7566964285714286] 0.7774938318836871 0.7566964285714286
0.02 80 [0.8261676461490876, 0.7153846153846154, 0.8460641399416909, 0.9487920168067226, 0.6524216524216524, 0.728448275862069, 0.765625] 0.7832719066522625 0.765625
0.02 90 [0.8385400556758429, 0.6974358974358974, 0.8527696793002915, 0.9556197478991596, 0.6495726495726496, 0.7514367816091954, 0.7589285714285714] 0.7863290547030868 0.7589285714285714
0.02 100 [0.8456541911537272, 0.7025641025641025, 0.8551020408163266, 0.9535189075630253, 0.650997150997151, 0.774425287356322, 0.7689732142857143] 0.7930335563909098 0.774425287356322
0.02 110 [0.8342097123414784, 0.7205128205128205, 0.8565597667638484, 0.9522058823529411, 0.6823361823361823, 0.8045977011494252, 0.7544642857142857] 0.800698050167283 0.8045977011494252
0.02 120 [0.846272811630065, 0.7314102564102564, 0.8623906705539358, 0.9569327731092436, 0.690883190883191, 0.8045977011494253, 0.7533482142857142] 0.8065479454316902 0.8045977011494253
0.02 130 [0.8456541911537272, 0.725, 0.8551020408163266, 0.9543067226890756, 0.6851851851851851, 0.8146551724137931, 0.7801339285714286] 0.8085767486899338 0.8146551724137931
0.02 140 [0.8441076399628827, 0.7301282051282052, 0.8533527696793003, 0.961922268907563, 0.6866096866096866, 0.7988505747126436, 0.7689732142857143] 0.8062777656122851 0.7988505747126436
0.02 150 [0.8481286730590782, 0.719871794871795, 0.8586005830903791, 0.9590336134453781, 0.650997150997151, 0.814655172413793, 0.7678571428571428] 0.8027348758192454 0.814655172413793
0.02 160 [0.8468914321064027, 0.7275641025641026, 0.8545189504373178, 0.961922268907563, 0.6695156695156695, 0.8045977011494252, 0.7734375] 0.8054925178114972 0.8045977011494252
0.02 170 [0.8468914321064027, 0.712820512820513, 0.8577259475218658, 0.9564075630252101, 0.6737891737891738, 0.8089080459770115, 0.7834821428571428] 0.80571783115676 0.8089080459770115
0.02 180 [0.8450355706773894, 0.7173076923076923, 0.8615160349854227, 0.9566701680672268, 0.6752136752136751, 0.8017241379310345, 0.7901785714285714] 0.8068065500872875 0.8017241379310345
0.02 190 [0.8456541911537272, 0.7416666666666667, 0.8542274052478135, 0.9487920168067228, 0.6680911680911681, 0.8160919540229885, 0.7946428571428572] 0.8098808941617064 0.8160919540229885
0.02 200 [0.8422517785338695, 0.7423076923076923, 0.8553935860058309, 0.9427521008403361, 0.6581196581196581, 0.7658045977011494, 0.7767857142857142] 0.7976307325420358 0.7767857142857142
0.02 210 [0.8484379832972471, 0.7416666666666667, 0.8577259475218659, 0.9406512605042017, 0.6965811965811967, 0.778735632183908, 0.7912946428571429] 0.8078704756588898 0.7912946428571429
0.02 220 [0.8444169502010517, 0.7442307692307693, 0.8553935860058309, 0.9356617647058824, 0.6965811965811965, 0.771551724137931, 0.7879464285714286] 0.80511177420487 0.7879464285714286
0.02 230 [0.8478193628209094, 0.7403846153846154, 0.853935860058309, 0.9359243697478992, 0.7022792022792023, 0.7801724137931034, 0.7890625] 0.8070826177262912 0.7890625
0.02 240 [0.8453448809155583, 0.7352564102564102, 0.849271137026239, 0.9272584033613445, 0.6894586894586895, 0.7887931034482758, 0.765625] 0.8001439463523596 0.7887931034482758
0.02 250 [0.8428703990102072, 0.7243589743589743, 0.8489795918367347, 0.9269957983193277, 0.6723646723646723, 0.7557471264367817, 0.765625] 0.7909916517609569 0.765625
0.02 260 [0.8431797092483762, 0.7185897435897436, 0.8495626822157434, 0.9288340336134454, 0.6595441595441596, 0.7600574712643678, 0.7767857142857143] 0.79093621625165 0.7767857142857143
0.02 270 [0.845963501391896, 0.7205128205128205, 0.8510204081632653, 0.9235819327731093, 0.6481481481481481, 0.7514367816091954, 0.7767857142857143] 0.7882070438405927 0.7767857142857143
0.02 280 [0.8400866068666872, 0.7076923076923077, 0.8411078717201166, 0.9172794117647058, 0.6381766381766382, 0.7614942528735632, 0.7566964285714286] 0.7803619310950639 0.7614942528735632
0.02 290 [0.8441076399628827, 0.7076923076923076, 0.8463556851311953, 0.9094012605042017, 0.6552706552706553, 0.7557471264367817, 0.7756696428571429] 0.784892045407881 0.7756696428571429
0.03 50 [0.8280235075781008, 0.675, 0.8548104956268222, 0.9411764705882353, 0.5826210826210826, 0.6903735632183908, 0.7488839285714286] 0.7601270068862943 0.7488839285714286
0.03 60 [0.8258583359109186, 0.7, 0.8551020408163265, 0.940388655462185, 0.5968660968660969, 0.7270114942528736, 0.7544642857142857] 0.7713844155746694 0.7544642857142857
0.03 70 [0.8301886792452831, 0.6891025641025641, 0.8518950437317784, 0.9409138655462185, 0.6168091168091168, 0.7227011494252873, 0.765625] 0.7738907741228925 0.765625
0.03 80 [0.8363748840086608, 0.7211538461538463, 0.8661807580174927, 0.9519432773109243, 0.6638176638176638, 0.7586206896551724, 0.7566964285714286] 0.7935410782193129 0.7586206896551724
0.03 90 [0.8493659140117538, 0.7205128205128206, 0.8688046647230321, 0.94984243697479, 0.6851851851851851, 0.7442528735632183, 0.7979910714285714] 0.802279280914196 0.7979910714285714
0.03 100 [0.8546241880606248, 0.7211538461538461, 0.8685131195335277, 0.9501050420168068, 0.6794871794871794, 0.7485632183908045, 0.7879464285714286] 0.801484717459174 0.7879464285714286
0.03 110 [0.8475100525827405, 0.7294871794871796, 0.8615160349854227, 0.9485294117647058, 0.6595441595441596, 0.7614942528735632, 0.7924107142857142] 0.8000702579319264 0.7924107142857142
0.03 120 [0.8413238478193629, 0.7301282051282052, 0.858600583090379, 0.9535189075630253, 0.6737891737891738, 0.7528735632183908, 0.7890625] 0.7998995400869339 0.7890625
0.03 130 [0.8465821218682338, 0.7083333333333334, 0.8498542274052479, 0.9516806722689075, 0.6210826210826211, 0.757183908045977, 0.7801339285714286] 0.7878358303679642 0.7801339285714286
0.03 140 [0.843489019486545, 0.7256410256410256, 0.8600583090379008, 0.9390756302521008, 0.613960113960114, 0.7801724137931034, 0.7924107142857142] 0.7935438894937862 0.7924107142857142
0.03 150 [0.8512217754407669, 0.7128205128205128, 0.8571428571428572, 0.9385504201680672, 0.6225071225071224, 0.7844827586206897, 0.7868303571428572] 0.7933651148346963 0.7868303571428572
0.03 160 [0.8450355706773893, 0.7307692307692307, 0.8658892128279884, 0.9340861344537814, 0.6353276353276354, 0.8060344827586207, 0.7946428571428571] 0.8016835891367861 0.8060344827586207
0.03 170 [0.8509124652025982, 0.7326923076923078, 0.8513119533527698, 0.9314600840336135, 0.6381766381766382, 0.7887931034482758, 0.7801339285714285] 0.7962114972110903 0.7887931034482758
0.03 180 [0.8484379832972471, 0.7339743589743589, 0.8577259475218659, 0.9385504201680672, 0.6282051282051282, 0.7485632183908046, 0.7935267857142857] 0.792711977467394 0.7935267857142857
0.03 190 [0.8472007423445715, 0.7314102564102564, 0.8527696793002916, 0.9319852941176471, 0.6481481481481481, 0.771551724137931, 0.7868303571428572] 0.795699457371672 0.7868303571428572
0.03 200 [0.8493659140117538, 0.7339743589743589, 0.8545189504373178, 0.9314600840336134, 0.6424501424501424, 0.7801724137931034, 0.8080357142857143] 0.7999967968551435 0.8080357142857143
0.03 210 [0.8416331580575317, 0.7147435897435898, 0.8481049562682216, 0.9327731092436975, 0.641025641025641, 0.7816091954022988, 0.7745535714285714] 0.7906347458813645 0.7816091954022988
0.03 220 [0.846272811630065, 0.7198717948717949, 0.8483965014577259, 0.9298844537815126, 0.6324786324786325, 0.7557471264367817, 0.7823660714285714] 0.7878596274407262 0.7823660714285714
0.03 230 [0.8481286730590782, 0.708974358974359, 0.8451895043731779, 0.9225315126050421, 0.6424501424501424, 0.764367816091954, 0.7756696428571428] 0.7867588072015567 0.7756696428571428
0.03 240 [0.8515310856789359, 0.7153846153846154, 0.8419825072886298, 0.9191176470588236, 0.6452991452991453, 0.7658045977011494, 0.7957589285714286] 0.7906969324261041 0.7957589285714286
0.03 250 [0.854314877822456, 0.6993589743589744, 0.8446064139941691, 0.9096638655462185, 0.6210826210826211, 0.7413793103448276, 0.7879464285714286] 0.7797646416743851 0.7879464285714286
0.03 260 [0.8388493659140117, 0.7108974358974359, 0.8475218658892129, 0.9222689075630253, 0.6424501424501425, 0.7370689655172414, 0.78125] 0.7829009547472957 0.78125
0.03 270 [0.8444169502010517, 0.691025641025641, 0.8457725947521866, 0.9078256302521008, 0.6296296296296295, 0.7413793103448276, 0.765625] 0.7750963937436339 0.765625
0.03 280 [0.8468914321064027, 0.7275641025641026, 0.8387755102040817, 0.9141281512605042, 0.650997150997151, 0.7341954022988506, 0.7678571428571428] 0.7829155560411767 0.7678571428571428
0.03 290 [0.8379214351995051, 0.7102564102564103, 0.8469387755102041, 0.9143907563025211, 0.6353276353276353, 0.7557471264367817, 0.7890625] 0.784234948433294 0.7890625
0.04 50 [0.8264769563872565, 0.7006410256410256, 0.8408163265306122, 0.9314600840336134, 0.621082621082621, 0.7392241379310345, 0.7377232142857142] 0.7710606236988397 0.7392241379310345
0.04 60 [0.8246210949582431, 0.7121794871794872, 0.841399416909621, 0.9330357142857143, 0.6289173789173789, 0.7701149425287357, 0.765625] 0.7822704335398829 0.7701149425287357
0.04 70 [0.8403959171048562, 0.7128205128205128, 0.8580174927113703, 0.9432773109243697, 0.6645299145299145, 0.764367816091954, 0.7667410714285714] 0.7928785765159355 0.7667410714285714
0.04 80 [0.8496752242499227, 0.7153846153846154, 0.8577259475218659, 0.938813025210084, 0.6951566951566951, 0.7701149425287356, 0.7633928571428572] 0.7986090438849681 0.7701149425287356
0.04 90 [0.8465821218682339, 0.7012820512820513, 0.8577259475218659, 0.9424894957983193, 0.6965811965811965, 0.7801724137931035, 0.7712053571428572] 0.799434083426804 0.7801724137931035
0.04 100 [0.8444169502010517, 0.6955128205128205, 0.8518950437317785, 0.9422268907563025, 0.6595441595441596, 0.7686781609195402, 0.7477678571428571] 0.7871488404012157 0.7686781609195402
0.04 110 [0.8379214351995051, 0.7134615384615385, 0.8446064139941691, 0.9380252100840336, 0.6809116809116809, 0.7873563218390804, 0.7566964285714286] 0.794139861294491 0.7873563218390804
0.04 120 [0.8475100525827405, 0.708974358974359, 0.8565597667638484, 0.9417016806722689, 0.6794871794871795, 0.8002873563218391, 0.7689732142857143] 0.8004990870125642 0.8002873563218391
0.04 130 [0.8465821218682338, 0.7192307692307692, 0.8448979591836735, 0.9453781512605042, 0.6495726495726496, 0.8089080459770115, 0.7723214285714286] 0.7981273036663243 0.8089080459770115
0.04 140 [0.8509124652025982, 0.7217948717948718, 0.8501457725947522, 0.9495798319327732, 0.6538461538461537, 0.8045977011494253, 0.7901785714285714] 0.8030079097070209 0.8045977011494253
0.04 150 [0.8558614290133003, 0.7391025641025641, 0.8504373177842566, 0.9356617647058824, 0.6452991452991452, 0.7758620689655172, 0.8013392857142858] 0.8005090822264217 0.8013392857142858
0.04 160 [0.8518403959171048, 0.7314102564102565, 0.8559766763848395, 0.9353991596638656, 0.6467236467236468, 0.8060344827586207, 0.7879464285714286] 0.802190149489966 0.8060344827586207
0.04 170 [0.848747293535416, 0.7288461538461539, 0.8527696793002916, 0.9390756302521008, 0.6481481481481481, 0.8045977011494253, 0.7946428571428571] 0.8024039233391989 0.8045977011494253
0.04 180 [0.8496752242499226, 0.7365384615384616, 0.8618075801749271, 0.940388655462185, 0.633903133903134, 0.8089080459770115, 0.7879464285714285] 0.8027382185538672 0.8089080459770115
0.04 190 [0.8419424682957006, 0.7301282051282051, 0.8553935860058309, 0.9424894957983192, 0.6552706552706553, 0.8160919540229885, 0.7845982142857143] 0.8037020826867735 0.8160919540229885
0.04 200 [0.8459635013918961, 0.7256410256410256, 0.8513119533527698, 0.9419642857142857, 0.6709401709401708, 0.807471264367816, 0.7745535714285714] 0.802549396119505 0.807471264367816
0.04 210 [0.8410145375811939, 0.7288461538461538, 0.8545189504373178, 0.9422268907563025, 0.6666666666666666, 0.7945402298850575, 0.7790178571428571] 0.8009758980450784 0.7945402298850575
0.04 220 [0.8397772966285184, 0.7185897435897436, 0.8533527696793003, 0.9375, 0.6623931623931624, 0.7758620689655172, 0.7790178571428571] 0.7952132711998712 0.7790178571428571
0.04 230 [0.8447262604392205, 0.7217948717948718, 0.8516034985422741, 0.9309348739495799, 0.6495726495726495, 0.7916666666666666, 0.7868303571428572] 0.7967327397297314 0.7916666666666666
0.04 240 [0.8366841942468295, 0.7173076923076923, 0.8565597667638484, 0.9288340336134453, 0.6467236467236467, 0.7729885057471265, 0.7868303571428572] 0.7922754566493495 0.7868303571428572
0.04 250 [0.8422517785338695, 0.7205128205128205, 0.8521865889212829, 0.9309348739495799, 0.6410256410256411, 0.7729885057471265, 0.8002232142857142] 0.7943033461394335 0.8002232142857142
0.04 260 [0.8363748840086607, 0.7153846153846154, 0.8597667638483966, 0.923844537815126, 0.6467236467236468, 0.7614942528735632, 0.7834821428571428] 0.7895815490730216 0.7834821428571428
0.04 270 [0.8357562635323229, 0.7038461538461538, 0.8565597667638484, 0.9290966386554621, 0.6296296296296295, 0.7686781609195402, 0.7801339285714286] 0.7862429345597695 0.7801339285714286
0.04 280 [0.8348283328178163, 0.7076923076923076, 0.8536443148688048, 0.923844537815126, 0.6182336182336182, 0.7672413793103448, 0.7957589285714286] 0.7858919170442066 0.7957589285714286
0.04 290 [0.8283328178162698, 0.6974358974358975, 0.8518950437317784, 0.9217436974789917, 0.5883190883190883, 0.7686781609195402, 0.7723214285714286] 0.7755323048961421 0.7723214285714286
0.05 50 [0.8388493659140117, 0.7134615384615385, 0.8379008746355685, 0.9380252100840336, 0.6317663817663818, 0.69683908045977, 0.7645089285714286] 0.7744787685561046 0.7645089285714286
0.05 60 [0.8326631611506341, 0.7102564102564103, 0.8460641399416909, 0.9459033613445378, 0.6068376068376068, 0.7241379310344828, 0.7522321428571429] 0.7740135362032151 0.7522321428571429
0.05 70 [0.8308072997216207, 0.6897435897435897, 0.8495626822157435, 0.9543067226890757, 0.6666666666666666, 0.7485632183908046, 0.7622767857142858] 0.7859895664488266 0.7622767857142858
0.05 80 [0.8243117847200742, 0.698076923076923, 0.8510204081632653, 0.9498424369747899, 0.6623931623931624, 0.7643678160919539, 0.7611607142857143] 0.787310463672269 0.7643678160919539
0.05 90 [0.8332817816269719, 0.7076923076923076, 0.8556851311953353, 0.9566701680672268, 0.6894586894586895, 0.7772988505747126, 0.7667410714285714] 0.798118285720545 0.7772988505747126
0.05 100 [0.8447262604392206, 0.7089743589743589, 0.8539358600583091, 0.95640756302521, 0.707977207977208, 0.7816091954022989, 0.7622767857142857] 0.8022724616558418 0.7816091954022989
0.05 110 [0.8484379832972472, 0.7128205128205128, 0.8600583090379009, 0.9529936974789917, 0.707977207977208, 0.7988505747126436, 0.7600446428571428] 0.8058832754545209 0.7988505747126436
0.05 120 [0.8546241880606249, 0.7044871794871794, 0.8574344023323615, 0.94984243697479, 0.6937321937321936, 0.7945402298850575, 0.7756696428571428] 0.804332896189907 0.7945402298850575
0.05 130 [0.8506031549644293, 0.7166666666666667, 0.8571428571428571, 0.9495798319327731, 0.6894586894586895, 0.7873563218390804, 0.7678571428571428] 0.8026663806945198 0.7873563218390804
0.05 140 [0.8444169502010516, 0.7173076923076923, 0.8492711370262391, 0.9511554621848739, 0.688034188034188, 0.7729885057471264, 0.7767857142857144] 0.7999942356838409 0.7767857142857144
0.05 150 [0.8561707392514692, 0.7012820512820513, 0.8501457725947522, 0.9469537815126049, 0.6866096866096866, 0.7758620689655172, 0.7834821428571428] 0.8000723204390319 0.7834821428571428
0.05 160 [0.8509124652025982, 0.7185897435897436, 0.8399416909620991, 0.9430147058823528, 0.6780626780626781, 0.764367816091954, 0.7823660714285714] 0.7967507387457139 0.7823660714285714
0.05 170 [0.8502938447262605, 0.7173076923076923, 0.8475218658892129, 0.9474789915966386, 0.6837606837606839, 0.7672413793103448, 0.7834821428571428] 0.7995838000639964 0.7834821428571428
0.05 180 [0.8543148778224559, 0.7147435897435898, 0.8501457725947522, 0.9393382352941178, 0.6552706552706553, 0.7916666666666667, 0.7935267857142857] 0.7998580833009319 0.7935267857142857
0.05 190 [0.8450355706773894, 0.7256410256410257, 0.8530612244897959, 0.9380252100840336, 0.6638176638176638, 0.7701149425287357, 0.7901785714285714] 0.7979820298096022 0.7901785714285714
0.05 200 [0.851531085678936, 0.7217948717948718, 0.8489795918367347, 0.939075630252101, 0.6324786324786325, 0.7614942528735631, 0.7745535714285714] 0.7899868051919158 0.7745535714285714
0.05 210 [0.8465821218682339, 0.7141025641025641, 0.8495626822157434, 0.9322478991596639, 0.6609686609686609, 0.7557471264367815, 0.7834821428571428] 0.791813313944113 0.7834821428571428
0.05 220 [0.8354469532941541, 0.7474358974358974, 0.8472303206997085, 0.9267331932773109, 0.6524216524216524, 0.7629310344827586, 0.7834821428571428] 0.7936687420669463 0.7834821428571428
0.05 230 [0.8410145375811939, 0.7326923076923076, 0.8431486880466472, 0.9227941176470587, 0.6737891737891738, 0.764367816091954, 0.7723214285714286] 0.7928754384885377 0.7723214285714286
0.05 240 [0.843489019486545, 0.7314102564102564, 0.8425655976676385, 0.9275210084033614, 0.6965811965811967, 0.7643678160919539, 0.7767857142857142] 0.7975315155609524 0.7767857142857142
0.05 250 [0.8431797092483762, 0.7134615384615385, 0.8434402332361517, 0.9183298319327731, 0.690883190883191, 0.7629310344827587, 0.7868303571428572] 0.7941508421982351 0.7868303571428572
0.05 260 [0.8385400556758429, 0.7211538461538461, 0.8419825072886298, 0.9267331932773109, 0.6353276353276354, 0.7586206896551724, 0.7734375] 0.785113632482634 0.7734375
0.05 270 [0.8360655737704918, 0.7269230769230769, 0.8466472303206998, 0.9180672268907564, 0.6353276353276354, 0.7456896551724138, 0.78125] 0.7842814854864392 0.78125
0.05 280 [0.8366841942468296, 0.7141025641025641, 0.8428571428571429, 0.9220063025210083, 0.6239316239316239, 0.7399425287356322, 0.7723214285714286] 0.7788351121380328 0.7723214285714286
0.05 290 [0.8419424682957005, 0.7108974358974359, 0.8364431486880467, 0.9164915966386554, 0.6267806267806267, 0.7485632183908046, 0.7645089285714286] 0.7779467747518141 0.7645089285714286
0.06 50 [0.8357562635323229, 0.7012820512820513, 0.8565597667638485, 0.9385504201680672, 0.6025641025641026, 0.7076149425287357, 0.75] 0.770332506691304 0.75
0.06 60 [0.8515310856789361, 0.725, 0.8597667638483966, 0.9466911764705882, 0.6367521367521367, 0.7298850574712643, 0.7712053571428572] 0.7886902253377398 0.7712053571428572
0.06 70 [0.859573151871327, 0.7352564102564103, 0.8699708454810495, 0.9359243697478992, 0.6538461538461537, 0.7385057471264368, 0.7723214285714286] 0.7950568724143865 0.7723214285714286
0.06 80 [0.8617383235385092, 0.7250000000000001, 0.8711370262390671, 0.9453781512605042, 0.6980056980056979, 0.75, 0.7667410714285714] 0.8025714672103357 0.7667410714285714
0.06 90 [0.8499845344880916, 0.7230769230769231, 0.8688046647230321, 0.952468487394958, 0.7037037037037037, 0.7844827586206897, 0.765625] 0.8068780102867713 0.7844827586206897
0.06 100 [0.8459635013918961, 0.7051282051282052, 0.8676384839650146, 0.9459033613445378, 0.698005698005698, 0.7528735632183908, 0.7633928571428572] 0.7969865243137999 0.7633928571428572
0.06 110 [0.8453448809155584, 0.698076923076923, 0.860932944606414, 0.9430147058823529, 0.6866096866096866, 0.7658045977011494, 0.765625] 0.795058391256012 0.7658045977011494
0.06 120 [0.8453448809155583, 0.7096153846153846, 0.8623906705539359, 0.9487920168067226, 0.670940170940171, 0.7672413793103449, 0.7857142857142857] 0.7985769698366291 0.7857142857142857
0.06 130 [0.8450355706773894, 0.7230769230769231, 0.8597667638483965, 0.9474789915966386, 0.6894586894586895, 0.7974137931034482, 0.7935267857142858] 0.8079653596393959 0.7974137931034482
0.06 140 [0.8428703990102072, 0.7121794871794872, 0.8626822157434403, 0.9529936974789917, 0.6866096866096866, 0.7672413793103449, 0.7868303571428572] 0.8016296032107165 0.7868303571428572
0.06 150 [0.843179709248376, 0.717948717948718, 0.8551020408163266, 0.9380252100840336, 0.6438746438746438, 0.7787356321839081, 0.7834821428571429] 0.7943354424304498 0.7834821428571429
0.06 160 [0.843489019486545, 0.7076923076923076, 0.8530612244897959, 0.9356617647058825, 0.6766381766381766, 0.7744252873563218, 0.7533482142857143] 0.7920451420935348 0.7744252873563218
0.06 170 [0.8447262604392205, 0.7147435897435898, 0.8556851311953353, 0.929359243697479, 0.670940170940171, 0.7557471264367817, 0.7578125] 0.7898591460646538 0.7578125
0.06 180 [0.8447262604392205, 0.7115384615384616, 0.8588921282798834, 0.9246323529411765, 0.6766381766381766, 0.7686781609195403, 0.7477678571428572] 0.7904104854141879 0.7686781609195403
0.06 190 [0.840705227343025, 0.7006410256410257, 0.8597667638483965, 0.9267331932773109, 0.6638176638176637, 0.757183908045977, 0.7544642857142857] 0.7861874382410978 0.757183908045977
0.06 200 [0.8465821218682339, 0.7198717948717949, 0.8481049562682216, 0.9206932773109244, 0.6467236467236467, 0.7586206896551724, 0.7511160714285714] 0.7845303654466521 0.7586206896551724
0.06 210 [0.8360655737704917, 0.7070512820512821, 0.8498542274052477, 0.9280462184873949, 0.6866096866096866, 0.7586206896551724, 0.765625] 0.7902675254256107 0.765625
0.06 220 [0.8342097123414786, 0.6961538461538461, 0.8498542274052477, 0.9283088235294117, 0.7065527065527066, 0.7600574712643678, 0.7522321428571428] 0.7896241328720287 0.7600574712643678
0.06 230 [0.8376121249613362, 0.7044871794871795, 0.8548104956268222, 0.9233193277310925, 0.6794871794871795, 0.7442528735632183, 0.7522321428571428] 0.7851716176734246 0.7522321428571428
0.06 240 [0.8360655737704916, 0.6974358974358974, 0.8545189504373178, 0.9120273109243697, 0.6595441595441596, 0.7672413793103449, 0.7410714285714286] 0.7811292428562872 0.7672413793103449
0.06 250 [0.8311166099597896, 0.7051282051282051, 0.8495626822157434, 0.92515756302521, 0.6609686609686609, 0.7528735632183907, 0.7511160714285714] 0.7822747651349388 0.7528735632183907
0.06 260 [0.8277141973399319, 0.7083333333333334, 0.8489795918367348, 0.9238445378151261, 0.6680911680911681, 0.7686781609195402, 0.7578125] 0.7862076413336906 0.7686781609195402
0.06 270 [0.8230745437673987, 0.6955128205128205, 0.8483965014577259, 0.9183298319327732, 0.6068376068376068, 0.7744252873563219, 0.7477678571428571] 0.7734777784296434 0.7744252873563219
0.06 280 [0.8264769563872564, 0.7025641025641025, 0.8510204081632653, 0.9225315126050421, 0.641025641025641, 0.7528735632183908, 0.7399553571428572] 0.7766353630152221 0.7528735632183908
0.06 290 [0.8280235075781008, 0.6967948717948718, 0.8501457725947522, 0.9220063025210085, 0.6282051282051282, 0.7557471264367815, 0.7511160714285714] 0.7760055400798878 0.7557471264367815
0.07 50 [0.8311166099597898, 0.6891025641025641, 0.8556851311953353, 0.9409138655462184, 0.6246438746438747, 0.7162356321839081, 0.7712053571428571] 0.7755575763963638 0.7712053571428571
0.07 60 [0.8332817816269719, 0.7134615384615385, 0.853935860058309, 0.9396008403361344, 0.6538461538461539, 0.7557471264367817, 0.7734375] 0.7890444001094128 0.7734375
0.07 70 [0.8376121249613362, 0.7217948717948718, 0.858600583090379, 0.9438025210084033, 0.6353276353276354, 0.7586206896551724, 0.7868303571428572] 0.791798397568665 0.7868303571428572
0.07 80 [0.8391586761521806, 0.7192307692307692, 0.8720116618075802, 0.9448529411764706, 0.6538461538461537, 0.7471264367816093, 0.7767857142857142] 0.7932874790400684 0.7767857142857142
0.07 90 [0.8363748840086607, 0.7314102564102565, 0.8498542274052477, 0.9480042016806722, 0.6538461538461539, 0.75, 0.7645089285714286] 0.7905712359889171 0.7645089285714286
0.07 100 [0.851221775440767, 0.7211538461538463, 0.8591836734693877, 0.9553571428571428, 0.6923076923076923, 0.764367816091954, 0.7600446428571428] 0.8005195127397047 0.764367816091954
0.07 110 [0.848747293535416, 0.7333333333333334, 0.858600583090379, 0.9553571428571428, 0.7022792022792023, 0.7902298850574713, 0.7589285714285714] 0.8067822873687879 0.7902298850574713
0.07 120 [0.8428703990102072, 0.7480769230769231, 0.8577259475218658, 0.9569327731092437, 0.6851851851851851, 0.7873563218390804, 0.7767857142857143] 0.8078476091468886 0.7873563218390804
0.07 130 [0.8391586761521806, 0.7506410256410256, 0.8583090379008745, 0.9480042016806722, 0.6994301994301995, 0.7830459770114943, 0.7901785714285714] 0.8098239556064312 0.7901785714285714
0.07 140 [0.8410145375811938, 0.7506410256410256, 0.8553935860058309, 0.9411764705882353, 0.6709401709401709, 0.7945402298850575, 0.7723214285714286] 0.8037182070304204 0.7945402298850575
0.07 150 [0.8317352304361274, 0.7250000000000001, 0.8556851311953353, 0.9430147058823529, 0.6823361823361823, 0.8074712643678161, 0.7689732142857143] 0.8020308183576469 0.8074712643678161
0.07 160 [0.8444169502010517, 0.7314102564102565, 0.8559766763848397, 0.9414390756302521, 0.650997150997151, 0.7902298850574712, 0.7689732142857142] 0.7976347441381052 0.7902298850574712
0.07 170 [0.8385400556758429, 0.7121794871794872, 0.8574344023323616, 0.9401260504201681, 0.6623931623931624, 0.7758620689655171, 0.7823660714285715] 0.7955573283421586 0.7823660714285715
0.07 180 [0.8441076399628827, 0.7217948717948718, 0.8504373177842566, 0.9356617647058824, 0.6524216524216524, 0.7758620689655172, 0.7667410714285714] 0.7924323410090904 0.7758620689655172
0.07 190 [0.8456541911537272, 0.7147435897435896, 0.8443148688046647, 0.9346113445378151, 0.6396011396011396, 0.764367816091954, 0.7622767857142857] 0.7865099622353108 0.764367816091954
0.07 200 [0.845963501391896, 0.7423076923076923, 0.8454810495626822, 0.9456407563025211, 0.6225071225071224, 0.7586206896551724, 0.7734375] 0.7905654731038696 0.7734375
0.07 210 [0.8428703990102072, 0.75, 0.8446064139941691, 0.9369747899159664, 0.6723646723646723, 0.771551724137931, 0.7756696428571428] 0.7991482346114412 0.7756696428571428
0.07 220 [0.8348283328178163, 0.7384615384615385, 0.8504373177842566, 0.9275210084033613, 0.6310541310541311, 0.7543103448275862, 0.7823660714285714] 0.7884255349681801 0.7823660714285714
0.07 230 [0.8450355706773894, 0.7096153846153845, 0.849271137026239, 0.9222689075630252, 0.6438746438746438, 0.7543103448275862, 0.7823660714285714] 0.7866774371446913 0.7823660714285714
0.07 240 [0.8403959171048562, 0.716025641025641, 0.8440233236151604, 0.9259453781512605, 0.6339031339031339, 0.7600574712643678, 0.7633928571428572] 0.7833919603153253 0.7633928571428572
0.07 250 [0.8413238478193629, 0.7128205128205128, 0.8446064139941691, 0.9122899159663865, 0.6253561253561253, 0.7270114942528736, 0.7745535714285714] 0.7768516973768573 0.7745535714285714
0.07 260 [0.8428703990102072, 0.7025641025641026, 0.8428571428571429, 0.9136029411764706, 0.6296296296296295, 0.7313218390804598, 0.7477678571428572] 0.7729448444944099 0.7477678571428572
0.07 270 [0.8447262604392205, 0.714102564102564, 0.8428571428571429, 0.9107142857142857, 0.6396011396011395, 0.7500000000000001, 0.765625] 0.7810894846734789 0.765625
0.07 280 [0.8465821218682339, 0.7012820512820512, 0.8419825072886298, 0.8996848739495799, 0.6225071225071225, 0.7327586206896551, 0.7622767857142857] 0.7724391547570797 0.7622767857142857
0.07 290 [0.8509124652025981, 0.7006410256410256, 0.8387755102040817, 0.9015231092436975, 0.6153846153846154, 0.7313218390804598, 0.7767857142857143] 0.7736206112917419 0.7767857142857143
0.08 50 [0.8329724713888029, 0.6852564102564103, 0.8548104956268222, 0.9380252100840336, 0.6431623931623932, 0.7147988505747126, 0.7354910714285713] 0.7720738432173923 0.7354910714285713
0.08 60 [0.8357562635323229, 0.6884615384615385, 0.8615160349854227, 0.9482668067226891, 0.660968660968661, 0.7327586206896552, 0.7488839285714286] 0.7823731219902454 0.7488839285714286
0.08 70 [0.846272811630065, 0.7006410256410256, 0.8635568513119534, 0.948529411764706, 0.680911680911681, 0.7370689655172413, 0.7522321428571429] 0.7898875556619737 0.7522321428571429
0.08 80 [0.8425610887720383, 0.6942307692307692, 0.8594752186588922, 0.9511554621848739, 0.6438746438746439, 0.7385057471264368, 0.7410714285714286] 0.7815534797741547 0.7410714285714286
0.08 90 [0.8444169502010516, 0.7076923076923077, 0.851603498542274, 0.9440651260504201, 0.631054131054131, 0.7485632183908045, 0.7633928571428572] 0.7843982984391208 0.7633928571428572
0.08 100 [0.8456541911537272, 0.7, 0.8486880466472304, 0.9424894957983193, 0.6353276353276353, 0.7456896551724138, 0.7566964285714286] 0.7820779218101078 0.7566964285714286
0.08 110 [0.8342097123414784, 0.7153846153846153, 0.8565597667638484, 0.944327731092437, 0.6638176638176637, 0.7456896551724138, 0.7622767857142858] 0.788895132898106 0.7622767857142858
0.08 120 [0.8243117847200743, 0.7224358974358975, 0.8591836734693877, 0.9353991596638656, 0.641025641025641, 0.7959770114942529, 0.7589285714285714] 0.7910373913196701 0.7959770114942529
0.08 130 [0.8270955768635941, 0.7198717948717949, 0.8594752186588921, 0.936186974789916, 0.6638176638176638, 0.8132183908045976, 0.7700892857142858] 0.798536415074392 0.8132183908045976
0.08 140 [0.8314259201979586, 0.7057692307692308, 0.8565597667638484, 0.9283088235294118, 0.6438746438746439, 0.7816091954022988, 0.7723214285714286] 0.7885527155869744 0.7816091954022988
0.08 150 [0.8379214351995051, 0.7153846153846155, 0.8533527696793003, 0.9309348739495799, 0.6196581196581197, 0.7816091954022988, 0.7600446428571428] 0.7855579503043659 0.7816091954022988
0.08 160 [0.8298793690071141, 0.7128205128205128, 0.8571428571428572, 0.9382878151260504, 0.6424501424501424, 0.7686781609195403, 0.7511160714285714] 0.7857678469849699 0.7686781609195403
0.08 170 [0.8332817816269719, 0.7217948717948718, 0.8551020408163266, 0.9220063025210083, 0.6239316239316239, 0.7442528735632183, 0.7589285714285714] 0.7798997236689418 0.7589285714285714
0.08 180 [0.8332817816269718, 0.7262820512820513, 0.8565597667638485, 0.91859243697479, 0.6381766381766382, 0.757183908045977, 0.7645089285714286] 0.7849407873488151 0.7645089285714286
0.08 190 [0.8431797092483762, 0.7153846153846154, 0.8591836734693878, 0.9283088235294118, 0.6153846153846153, 0.7629310344827586, 0.7633928571428571] 0.783966475520289 0.7633928571428571
0.08 200 [0.8314259201979586, 0.7096153846153846, 0.8486880466472303, 0.9222689075630252, 0.6225071225071226, 0.7456896551724138, 0.7633928571428572] 0.7776554134065703 0.7633928571428572
0.08 210 [0.8416331580575317, 0.6942307692307692, 0.8466472303206998, 0.9277836134453782, 0.5811965811965811, 0.7471264367816092, 0.7645089285714285] 0.7718752453719997 0.7645089285714285
0.08 220 [0.8335910918651407, 0.7096153846153846, 0.8475218658892127, 0.9277836134453782, 0.6225071225071225, 0.7571839080459769, 0.7779017857142857] 0.7823006817260716 0.7779017857142857
0.08 230 [0.8329724713888029, 0.7070512820512821, 0.8411078717201167, 0.9275210084033614, 0.613960113960114, 0.7485632183908046, 0.78125] 0.7789179951306402 0.78125
0.08 240 [0.8376121249613362, 0.698076923076923, 0.8478134110787172, 0.9209558823529411, 0.6182336182336181, 0.7672413793103449, 0.7712053571428571] 0.780162670879534 0.7712053571428571
0.08 250 [0.8388493659140117, 0.6987179487179487, 0.8501457725947522, 0.9214810924369747, 0.6296296296296295, 0.7543103448275862, 0.7511160714285714] 0.7777500322213535 0.7543103448275862
0.08 260 [0.8369935044849984, 0.6903846153846154, 0.8478134110787172, 0.9220063025210083, 0.6025641025641026, 0.7471264367816093, 0.7689732142857142] 0.7736945124429665 0.7689732142857142
0.08 270 [0.8357562635323228, 0.6865384615384615, 0.8428571428571429, 0.9091386554621849, 0.6168091168091169, 0.7399425287356322, 0.7566964285714286] 0.7696769425008986 0.7566964285714286
0.08 280 [0.8345190225796474, 0.7038461538461538, 0.8428571428571429, 0.9028361344537814, 0.6054131054131054, 0.7442528735632183, 0.7845982142857143] 0.7740460924283948 0.7845982142857143
0.08 290 [0.8323538509124652, 0.701923076923077, 0.8510204081632653, 0.8975840336134454, 0.6068376068376068, 0.75, 0.7455357142857142] 0.7693220986765106 0.75
0.09 50 [0.822146613052892, 0.7371794871794872, 0.8489795918367348, 0.9393382352941176, 0.594017094017094, 0.7112068965517242, 0.7310267857142858] 0.7691278148066194 0.7371794871794872
0.09 60 [0.8360655737704917, 0.7051282051282052, 0.8638483965014577, 0.9417016806722689, 0.6623931623931624, 0.7413793103448276, 0.7935267857142858] 0.7920061592178141 0.7935267857142858
0.09 70 [0.827714197339932, 0.717948717948718, 0.858600583090379, 0.9495798319327731, 0.6581196581196581, 0.7830459770114943, 0.7868303571428572] 0.7974056175122589 0.7868303571428572
0.09 80 [0.8264769563872564, 0.7147435897435898, 0.8542274052478135, 0.9495798319327731, 0.6396011396011396, 0.7830459770114943, 0.7745535714285714] 0.7917469244789482 0.7830459770114943
0.09 90 [0.8264769563872564, 0.7128205128205128, 0.8626822157434402, 0.9474789915966386, 0.6566951566951565, 0.764367816091954, 0.7678571428571428] 0.7911969703131574 0.7678571428571428
0.09 100 [0.8335910918651407, 0.7115384615384616, 0.8483965014577259, 0.9508928571428572, 0.6766381766381766, 0.7787356321839081, 0.7712053571428572] 0.795856868281304 0.7787356321839081
0.09 110 [0.8308072997216207, 0.7173076923076923, 0.8551020408163266, 0.9535189075630252, 0.6638176638176638, 0.7543103448275862, 0.7622767857142857] 0.7910201049668858 0.7622767857142857
0.09 120 [0.8465821218682339, 0.7032051282051283, 0.8536443148688047, 0.9558823529411764, 0.6481481481481481, 0.7543103448275862, 0.7555803571428571] 0.7881932525717049 0.7555803571428571
0.09 130 [0.835446953294154, 0.698076923076923, 0.8513119533527697, 0.9569327731092437, 0.6566951566951567, 0.7586206896551724, 0.7600446428571428] 0.7881612988629375 0.7600446428571428
0.09 140 [0.8385400556758428, 0.6974358974358974, 0.8428571428571429, 0.9519432773109244, 0.6452991452991452, 0.757183908045977, 0.7689732142857143] 0.7860332344158063 0.7689732142857143
0.09 150 [0.8379214351995051, 0.7096153846153846, 0.8428571428571429, 0.9490546218487395, 0.6324786324786326, 0.7629310344827587, 0.7578125] 0.7846672502117376 0.7629310344827587
0.09 160 [0.8345190225796474, 0.7, 0.8460641399416909, 0.9451155462184874, 0.6552706552706552, 0.7744252873563218, 0.7700892857142857] 0.7893548481544412 0.7744252873563218
0.09 170 [0.838230745437674, 0.7108974358974359, 0.841399416909621, 0.9506302521008403, 0.6396011396011395, 0.7456896551724138, 0.7845982142857143] 0.7872924084864055 0.7845982142857143
0.09 180 [0.8403959171048561, 0.7256410256410256, 0.8416909620991254, 0.9435399159663865, 0.6168091168091168, 0.7744252873563218, 0.7756696428571428] 0.7883102668334251 0.7756696428571428
0.09 190 [0.838230745437674, 0.7076923076923077, 0.8399416909620991, 0.936186974789916, 0.6225071225071225, 0.7399425287356323, 0.765625] 0.7785894814463931 0.765625
0.09 200 [0.8450355706773894, 0.7153846153846153, 0.8431486880466472, 0.9319852941176471, 0.6381766381766381, 0.735632183908046, 0.7712053571428572] 0.7829383353505486 0.7712053571428572
0.09 210 [0.8323538509124652, 0.698076923076923, 0.8440233236151603, 0.9246323529411765, 0.6082621082621082, 0.7816091954022989, 0.7890625] 0.782574322030019 0.7890625
0.09 220 [0.8391586761521805, 0.6967948717948718, 0.8416909620991254, 0.9235819327731093, 0.6424501424501423, 0.7672413793103449, 0.7700892857142856] 0.7830010357562943 0.7700892857142856
0.09 230 [0.8366841942468296, 0.7070512820512821, 0.8466472303206998, 0.9196428571428572, 0.6623931623931624, 0.7629310344827587, 0.7622767857142857] 0.7853752209074107 0.7629310344827587
0.09 240 [0.8304979894834519, 0.6897435897435897, 0.8422740524781341, 0.9238445378151261, 0.6239316239316239, 0.7385057471264368, 0.7767857142857143] 0.7750833221234396 0.7767857142857143
0.09 250 [0.8369935044849985, 0.707051282051282, 0.8448979591836735, 0.9332983193277311, 0.6096866096866096, 0.7614942528735632, 0.7723214285714285] 0.7808204794541839 0.7723214285714285
0.09 260 [0.8376121249613362, 0.6891025641025641, 0.8448979591836735, 0.9317226890756303, 0.6153846153846154, 0.7370689655172413, 0.7555803571428572] 0.7730527536239882 0.7555803571428572
0.09 270 [0.8403959171048562, 0.6852564102564103, 0.8443148688046647, 0.9256827731092436, 0.6210826210826211, 0.742816091954023, 0.7734375] 0.7761408831874027 0.7734375
0.09 280 [0.8385400556758429, 0.6916666666666667, 0.8408163265306122, 0.9196428571428572, 0.6225071225071225, 0.7557471264367817, 0.7790178571428571] 0.77827685887182 0.7790178571428571
0.09 290 [0.8258583359109186, 0.6814102564102564, 0.840524781341108, 0.9172794117647058, 0.613960113960114, 0.7270114942528736, 0.7578125] 0.7662652705199966 0.7578125
0.1 50 [0.862047633776678, 0.7230769230769232, 0.8498542274052477, 0.9409138655462185, 0.5947293447293449, 0.6982758620689655, 0.7633928571428571] 0.7760415305351763 0.7633928571428571
0.1 60 [0.8524590163934426, 0.7346153846153847, 0.8539358600583091, 0.9535189075630253, 0.6538461538461537, 0.7313218390804598, 0.7857142857142857] 0.7950587781815802 0.7857142857142857
0.1 70 [0.8447262604392205, 0.7384615384615385, 0.8510204081632653, 0.9461659663865547, 0.6752136752136751, 0.7298850574712643, 0.8002232142857143] 0.7979565886316048 0.8002232142857143
0.1 80 [0.843179709248376, 0.7224358974358974, 0.8451895043731779, 0.9472163865546218, 0.6267806267806267, 0.7313218390804598, 0.7834821428571429] 0.7856580151900433 0.7834821428571429
0.1 90 [0.8403959171048562, 0.7166666666666667, 0.8472303206997085, 0.9516806722689075, 0.641025641025641, 0.7586206896551724, 0.7857142857142857] 0.7916191704478911 0.7857142857142857
0.1 100 [0.840705227343025, 0.7243589743589743, 0.8483965014577259, 0.9516806722689075, 0.6396011396011396, 0.7672413793103448, 0.7734375] 0.7922030563343024 0.7734375
0.1 110 [0.8397772966285183, 0.7275641025641025, 0.8448979591836734, 0.9558823529411764, 0.6709401709401709, 0.7959770114942529, 0.7879464285714286] 0.8032836174747606 0.7959770114942529
0.1 120 [0.8493659140117537, 0.7153846153846154, 0.8489795918367347, 0.9613970588235294, 0.6638176638176638, 0.8160919540229885, 0.7723214285714286] 0.8039083180669593 0.8160919540229885
0.1 130 [0.843489019486545, 0.7230769230769231, 0.8481049562682216, 0.9556197478991596, 0.6609686609686609, 0.7945402298850575, 0.7790178571428572] 0.8006881992467749 0.7945402298850575
0.1 140 [0.8394679863903495, 0.7044871794871794, 0.8443148688046647, 0.9472163865546218, 0.6666666666666666, 0.7916666666666666, 0.7845982142857142] 0.7969168526936947 0.7916666666666666
0.1 150 [0.8450355706773894, 0.7121794871794872, 0.8428571428571429, 0.9453781512605043, 0.6666666666666665, 0.8132183908045977, 0.7924107142857143] 0.8025351605330717 0.8132183908045977
0.1 160 [0.8456541911537271, 0.7038461538461538, 0.8513119533527698, 0.9445903361344538, 0.6709401709401708, 0.7859195402298851, 0.7845982142857143] 0.7981229371346964 0.7859195402298851
0.1 170 [0.8598824621094958, 0.7076923076923077, 0.8521865889212829, 0.9396008403361344, 0.6723646723646723, 0.7801724137931034, 0.7834821428571428] 0.7993402040105914 0.7834821428571428
0.1 180 [0.851531085678936, 0.6967948717948718, 0.8495626822157435, 0.9432773109243697, 0.6923076923076923, 0.7916666666666666, 0.7700892857142858] 0.7993185136146523 0.7916666666666666
0.1 190 [0.8468914321064027, 0.7128205128205128, 0.8440233236151603, 0.9335609243697479, 0.6552706552706553, 0.7701149425287356, 0.7801339285714286] 0.7918308170403776 0.7801339285714286
0.1 200 [0.8437983297247139, 0.7153846153846153, 0.8443148688046648, 0.9322478991596639, 0.6438746438746439, 0.7600574712643677, 0.7823660714285714] 0.7888634142344629 0.7823660714285714
0.1 210 [0.8456541911537272, 0.6967948717948718, 0.8451895043731779, 0.9359243697478992, 0.631054131054131, 0.7600574712643677, 0.7790178571428572] 0.7848131995044331 0.7790178571428572
0.1 220 [0.8484379832972472, 0.6846153846153846, 0.8463556851311953, 0.93093487394958, 0.6125356125356125, 0.7413793103448275, 0.7555803571428572] 0.7742627438595291 0.7555803571428572
0.1 230 [0.843179709248376, 0.7051282051282052, 0.849271137026239, 0.9277836134453783, 0.6566951566951567, 0.7399425287356322, 0.7678571428571428] 0.7842653561623043 0.7678571428571428
0.1 240 [0.8502938447262605, 0.6955128205128205, 0.8481049562682216, 0.9335609243697479, 0.6538461538461539, 0.735632183908046, 0.7578125] 0.7821090548044644 0.7578125
0.1 250 [0.8394679863903495, 0.6814102564102564, 0.8460641399416909, 0.9246323529411764, 0.6210826210826211, 0.7298850574712643, 0.7511160714285714] 0.7705226408094186 0.7511160714285714
0.1 260 [0.8422517785338695, 0.6858974358974359, 0.8466472303206998, 0.9204306722689075, 0.6168091168091169, 0.7298850574712643, 0.7600446428571428] 0.771709419165491 0.7600446428571428
0.1 270 [0.8379214351995051, 0.6891025641025641, 0.8402332361516035, 0.9170168067226891, 0.6196581196581197, 0.7298850574712643, 0.7611607142857143] 0.7707111333702086 0.7611607142857143
0.1 280 [0.8329724713888029, 0.6826923076923077, 0.8422740524781341, 0.9235819327731092, 0.5968660968660968, 0.6954022988505748, 0.7555803571428571] 0.7613385024559832 0.7555803571428571
0.1 290 [0.8366841942468295, 0.675, 0.8478134110787172, 0.9201680672268908, 0.5954415954415955, 0.6939655172413793, 0.7745535714285714] 0.7633751938091404 0.7745535714285714
